/zhome/6b/e/212868/GTN/.venv/lib/python3.12/site-packages/aim/ext/utils.py:11: UserWarning: pkg_resources is deprecated as an API. See https://setuptools.pypa.io/en/latest/pkg_resources.html. The pkg_resources package is slated for removal as early as 2025-11-30. Refrain from using this package or pin to Setuptools<81.
  import pkg_resources
Remote Server is unavailable, please check network connection: no close frame received or sent.
Exception ignored in: <finalize object at 0x7fdbec46c640; dead>
Traceback (most recent call last):
  File "/zhome/6b/e/212868/.local/share/uv/python/cpython-3.12.11-linux-x86_64-gnu/lib/python3.12/weakref.py", line 590, in __call__
    return info.func(*info.args, **(info.kwargs or {}))
           ^^^^^^^^^^^^^^^^^^^^^^^^^^^^^^^^^^^^^^^^^^^^
  File "/zhome/6b/e/212868/GTN/.venv/lib/python3.12/site-packages/aim/ext/transport/remote_resource.py", line 16, in _close
    self.rpc_client.release_resource(self.hash, self.handler)
  File "/zhome/6b/e/212868/GTN/.venv/lib/python3.12/site-packages/aim/ext/transport/client.py", line 232, in release_resource
    del self._resource_pool[resource_handler]
        ~~~~~~~~~~~~~~~~~~~^^^^^^^^^^^^^^^^^^
  File "/zhome/6b/e/212868/.local/share/uv/python/cpython-3.12.11-linux-x86_64-gnu/lib/python3.12/weakref.py", line 145, in __delitem__
    del self.data[key]
        ~~~~~~~~~^^^^^
KeyError: 'f717c300-35b4-43fe-9bce-3b06f0936014'
Exception ignored in: <finalize object at 0x7fdbefb2d660; dead>
Traceback (most recent call last):
  File "/zhome/6b/e/212868/.local/share/uv/python/cpython-3.12.11-linux-x86_64-gnu/lib/python3.12/weakref.py", line 590, in __call__
    return info.func(*info.args, **(info.kwargs or {}))
           ^^^^^^^^^^^^^^^^^^^^^^^^^^^^^^^^^^^^^^^^^^^^
  File "/zhome/6b/e/212868/GTN/.venv/lib/python3.12/site-packages/aim/ext/transport/remote_resource.py", line 16, in _close
    self.rpc_client.release_resource(self.hash, self.handler)
  File "/zhome/6b/e/212868/GTN/.venv/lib/python3.12/site-packages/aim/ext/transport/client.py", line 232, in release_resource
    del self._resource_pool[resource_handler]
        ~~~~~~~~~~~~~~~~~~~^^^^^^^^^^^^^^^^^^
  File "/zhome/6b/e/212868/.local/share/uv/python/cpython-3.12.11-linux-x86_64-gnu/lib/python3.12/weakref.py", line 145, in __delitem__
    del self.data[key]
        ~~~~~~~~~^^^^^
KeyError: '3a020644-dab5-4b36-a6dd-4d31740da341'
Exception ignored in: <finalize object at 0x7fdd2811bf60; dead>
Traceback (most recent call last):
  File "/zhome/6b/e/212868/.local/share/uv/python/cpython-3.12.11-linux-x86_64-gnu/lib/python3.12/weakref.py", line 590, in __call__
    return info.func(*info.args, **(info.kwargs or {}))
           ^^^^^^^^^^^^^^^^^^^^^^^^^^^^^^^^^^^^^^^^^^^^
  File "/zhome/6b/e/212868/GTN/.venv/lib/python3.12/site-packages/aim/ext/transport/remote_resource.py", line 16, in _close
    self.rpc_client.release_resource(self.hash, self.handler)
  File "/zhome/6b/e/212868/GTN/.venv/lib/python3.12/site-packages/aim/ext/transport/client.py", line 232, in release_resource
    del self._resource_pool[resource_handler]
        ~~~~~~~~~~~~~~~~~~~^^^^^^^^^^^^^^^^^^
  File "/zhome/6b/e/212868/.local/share/uv/python/cpython-3.12.11-linux-x86_64-gnu/lib/python3.12/weakref.py", line 145, in __delitem__
    del self.data[key]
        ~~~~~~~~~^^^^^
KeyError: 'c61586a0-6367-41c4-b587-889095df9bf5'
Exception ignored in: <finalize object at 0x7fdbcc68bb60; dead>
Traceback (most recent call last):
  File "/zhome/6b/e/212868/.local/share/uv/python/cpython-3.12.11-linux-x86_64-gnu/lib/python3.12/weakref.py", line 590, in __call__
    return info.func(*info.args, **(info.kwargs or {}))
           ^^^^^^^^^^^^^^^^^^^^^^^^^^^^^^^^^^^^^^^^^^^^
  File "/zhome/6b/e/212868/GTN/.venv/lib/python3.12/site-packages/aim/ext/transport/remote_resource.py", line 16, in _close
    self.rpc_client.release_resource(self.hash, self.handler)
  File "/zhome/6b/e/212868/GTN/.venv/lib/python3.12/site-packages/aim/ext/transport/client.py", line 232, in release_resource
    del self._resource_pool[resource_handler]
        ~~~~~~~~~~~~~~~~~~~^^^^^^^^^^^^^^^^^^
  File "/zhome/6b/e/212868/.local/share/uv/python/cpython-3.12.11-linux-x86_64-gnu/lib/python3.12/weakref.py", line 145, in __delitem__
    del self.data[key]
        ~~~~~~~~~^^^^^
KeyError: 'a2cb1258-5e6a-4f46-8ec4-c8ff1038befe'
Exception ignored in: <finalize object at 0x7fdbec46c140; dead>
Traceback (most recent call last):
  File "/zhome/6b/e/212868/.local/share/uv/python/cpython-3.12.11-linux-x86_64-gnu/lib/python3.12/weakref.py", line 590, in __call__
    return info.func(*info.args, **(info.kwargs or {}))
           ^^^^^^^^^^^^^^^^^^^^^^^^^^^^^^^^^^^^^^^^^^^^
  File "/zhome/6b/e/212868/GTN/.venv/lib/python3.12/site-packages/aim/ext/transport/remote_resource.py", line 16, in _close
    self.rpc_client.release_resource(self.hash, self.handler)
  File "/zhome/6b/e/212868/GTN/.venv/lib/python3.12/site-packages/aim/ext/transport/client.py", line 232, in release_resource
    del self._resource_pool[resource_handler]
        ~~~~~~~~~~~~~~~~~~~^^^^^^^^^^^^^^^^^^
  File "/zhome/6b/e/212868/.local/share/uv/python/cpython-3.12.11-linux-x86_64-gnu/lib/python3.12/weakref.py", line 145, in __delitem__
    del self.data[key]
        ~~~~~~~~~^^^^^
KeyError: 'ebac1698-049f-474f-b590-ee573fd1ab76'
Exception ignored in: <finalize object at 0x7fdbf05394c0; dead>
Traceback (most recent call last):
  File "/zhome/6b/e/212868/.local/share/uv/python/cpython-3.12.11-linux-x86_64-gnu/lib/python3.12/weakref.py", line 590, in __call__
    return info.func(*info.args, **(info.kwargs or {}))
           ^^^^^^^^^^^^^^^^^^^^^^^^^^^^^^^^^^^^^^^^^^^^
  File "/zhome/6b/e/212868/GTN/.venv/lib/python3.12/site-packages/aim/ext/transport/remote_resource.py", line 16, in _close
    self.rpc_client.release_resource(self.hash, self.handler)
  File "/zhome/6b/e/212868/GTN/.venv/lib/python3.12/site-packages/aim/ext/transport/client.py", line 232, in release_resource
    del self._resource_pool[resource_handler]
        ~~~~~~~~~~~~~~~~~~~^^^^^^^^^^^^^^^^^^
  File "/zhome/6b/e/212868/.local/share/uv/python/cpython-3.12.11-linux-x86_64-gnu/lib/python3.12/weakref.py", line 145, in __delitem__
    del self.data[key]
        ~~~~~~~~~^^^^^
KeyError: '47e43526-e4d8-4265-bda0-013ca9a34ba0'
Exception ignored in: <finalize object at 0x7fdbcd236ce0; dead>
Traceback (most recent call last):
  File "/zhome/6b/e/212868/.local/share/uv/python/cpython-3.12.11-linux-x86_64-gnu/lib/python3.12/weakref.py", line 590, in __call__
    return info.func(*info.args, **(info.kwargs or {}))
           ^^^^^^^^^^^^^^^^^^^^^^^^^^^^^^^^^^^^^^^^^^^^
  File "/zhome/6b/e/212868/GTN/.venv/lib/python3.12/site-packages/aim/ext/transport/remote_resource.py", line 16, in _close
    self.rpc_client.release_resource(self.hash, self.handler)
  File "/zhome/6b/e/212868/GTN/.venv/lib/python3.12/site-packages/aim/ext/transport/client.py", line 232, in release_resource
    del self._resource_pool[resource_handler]
        ~~~~~~~~~~~~~~~~~~~^^^^^^^^^^^^^^^^^^
  File "/zhome/6b/e/212868/.local/share/uv/python/cpython-3.12.11-linux-x86_64-gnu/lib/python3.12/weakref.py", line 145, in __delitem__
    del self.data[key]
        ~~~~~~~~~^^^^^
KeyError: 'a6868c88-5805-44e9-8928-598979a36f58'
Exception ignored in: <finalize object at 0x7fdb8d3864a0; dead>
Traceback (most recent call last):
  File "/zhome/6b/e/212868/.local/share/uv/python/cpython-3.12.11-linux-x86_64-gnu/lib/python3.12/weakref.py", line 590, in __call__
    return info.func(*info.args, **(info.kwargs or {}))
           ^^^^^^^^^^^^^^^^^^^^^^^^^^^^^^^^^^^^^^^^^^^^
  File "/zhome/6b/e/212868/GTN/.venv/lib/python3.12/site-packages/aim/ext/transport/remote_resource.py", line 16, in _close
    self.rpc_client.release_resource(self.hash, self.handler)
  File "/zhome/6b/e/212868/GTN/.venv/lib/python3.12/site-packages/aim/ext/transport/client.py", line 232, in release_resource
    del self._resource_pool[resource_handler]
        ~~~~~~~~~~~~~~~~~~~^^^^^^^^^^^^^^^^^^
  File "/zhome/6b/e/212868/.local/share/uv/python/cpython-3.12.11-linux-x86_64-gnu/lib/python3.12/weakref.py", line 145, in __delitem__
    del self.data[key]
        ~~~~~~~~~^^^^^
KeyError: '492ab975-a60f-4f47-a6d8-4557d7c7d769'
Exception ignored in: <finalize object at 0x7fdc15845c20; dead>
Traceback (most recent call last):
  File "/zhome/6b/e/212868/.local/share/uv/python/cpython-3.12.11-linux-x86_64-gnu/lib/python3.12/weakref.py", line 590, in __call__
    return info.func(*info.args, **(info.kwargs or {}))
           ^^^^^^^^^^^^^^^^^^^^^^^^^^^^^^^^^^^^^^^^^^^^
  File "/zhome/6b/e/212868/GTN/.venv/lib/python3.12/site-packages/aim/ext/transport/remote_resource.py", line 16, in _close
    self.rpc_client.release_resource(self.hash, self.handler)
  File "/zhome/6b/e/212868/GTN/.venv/lib/python3.12/site-packages/aim/ext/transport/client.py", line 232, in release_resource
    del self._resource_pool[resource_handler]
        ~~~~~~~~~~~~~~~~~~~^^^^^^^^^^^^^^^^^^
  File "/zhome/6b/e/212868/.local/share/uv/python/cpython-3.12.11-linux-x86_64-gnu/lib/python3.12/weakref.py", line 145, in __delitem__
    del self.data[key]
        ~~~~~~~~~^^^^^
KeyError: 'f386ba32-de9f-4081-85b9-eec1ef51b673'
Exception ignored in: <finalize object at 0x7fdd2811b0e0; dead>
Traceback (most recent call last):
  File "/zhome/6b/e/212868/.local/share/uv/python/cpython-3.12.11-linux-x86_64-gnu/lib/python3.12/weakref.py", line 590, in __call__
    return info.func(*info.args, **(info.kwargs or {}))
           ^^^^^^^^^^^^^^^^^^^^^^^^^^^^^^^^^^^^^^^^^^^^
  File "/zhome/6b/e/212868/GTN/.venv/lib/python3.12/site-packages/aim/ext/transport/remote_resource.py", line 16, in _close
    self.rpc_client.release_resource(self.hash, self.handler)
  File "/zhome/6b/e/212868/GTN/.venv/lib/python3.12/site-packages/aim/ext/transport/client.py", line 232, in release_resource
    del self._resource_pool[resource_handler]
        ~~~~~~~~~~~~~~~~~~~^^^^^^^^^^^^^^^^^^
  File "/zhome/6b/e/212868/.local/share/uv/python/cpython-3.12.11-linux-x86_64-gnu/lib/python3.12/weakref.py", line 145, in __delitem__
    del self.data[key]
        ~~~~~~~~~^^^^^
KeyError: 'cc3f85e1-fef7-4dd9-8855-6a62e5826931'
keepalive ping failed
TimeoutError: timed out while closing connection

The above exception was the direct cause of the following exception:

Traceback (most recent call last):
  File "/zhome/6b/e/212868/GTN/.venv/lib/python3.12/site-packages/websockets/sync/connection.py", line 784, in keepalive
    with self.send_context():
         ^^^^^^^^^^^^^^^^^^^
  File "/zhome/6b/e/212868/.local/share/uv/python/cpython-3.12.11-linux-x86_64-gnu/lib/python3.12/contextlib.py", line 144, in __exit__
    next(self.gen)
  File "/zhome/6b/e/212868/GTN/.venv/lib/python3.12/site-packages/websockets/sync/connection.py", line 1020, in send_context
    raise self.protocol.close_exc from original_exc
websockets.exceptions.ConnectionClosedError: sent 1011 (internal error) keepalive ping timeout; no close frame received
Remote Server is unavailable, please check network connection: sent 1011 (internal error) keepalive ping timeout; no close frame received.
Network connection between client `3744e029-60e8-4d49-b307-334ee9530c86` and server `aimtracking.kosmon.org:443` appears to be unstable.
Exception ignored in: <finalize object at 0x7fdb875b24c0; dead>
Traceback (most recent call last):
  File "/zhome/6b/e/212868/.local/share/uv/python/cpython-3.12.11-linux-x86_64-gnu/lib/python3.12/weakref.py", line 590, in __call__
    return info.func(*info.args, **(info.kwargs or {}))
           ^^^^^^^^^^^^^^^^^^^^^^^^^^^^^^^^^^^^^^^^^^^^
  File "/zhome/6b/e/212868/GTN/.venv/lib/python3.12/site-packages/aim/ext/transport/remote_resource.py", line 16, in _close
    self.rpc_client.release_resource(self.hash, self.handler)
  File "/zhome/6b/e/212868/GTN/.venv/lib/python3.12/site-packages/aim/ext/transport/client.py", line 232, in release_resource
    del self._resource_pool[resource_handler]
        ~~~~~~~~~~~~~~~~~~~^^^^^^^^^^^^^^^^^^
  File "/zhome/6b/e/212868/.local/share/uv/python/cpython-3.12.11-linux-x86_64-gnu/lib/python3.12/weakref.py", line 145, in __delitem__
    del self.data[key]
        ~~~~~~~~~^^^^^
KeyError: 'dc880f80-4182-4799-bd57-8c0a4767433d'
Exception ignored in: <finalize object at 0x7fdb875b0ae0; dead>
Traceback (most recent call last):
  File "/zhome/6b/e/212868/.local/share/uv/python/cpython-3.12.11-linux-x86_64-gnu/lib/python3.12/weakref.py", line 590, in __call__
    return info.func(*info.args, **(info.kwargs or {}))
           ^^^^^^^^^^^^^^^^^^^^^^^^^^^^^^^^^^^^^^^^^^^^
  File "/zhome/6b/e/212868/GTN/.venv/lib/python3.12/site-packages/aim/ext/transport/remote_resource.py", line 16, in _close
    self.rpc_client.release_resource(self.hash, self.handler)
  File "/zhome/6b/e/212868/GTN/.venv/lib/python3.12/site-packages/aim/ext/transport/client.py", line 232, in release_resource
    del self._resource_pool[resource_handler]
        ~~~~~~~~~~~~~~~~~~~^^^^^^^^^^^^^^^^^^
  File "/zhome/6b/e/212868/.local/share/uv/python/cpython-3.12.11-linux-x86_64-gnu/lib/python3.12/weakref.py", line 145, in __delitem__
    del self.data[key]
        ~~~~~~~~~^^^^^
KeyError: '521f1784-9e94-4f12-8b9d-0b422d560793'
Exception ignored in: <finalize object at 0x7fdbefb2e180; dead>
Traceback (most recent call last):
  File "/zhome/6b/e/212868/.local/share/uv/python/cpython-3.12.11-linux-x86_64-gnu/lib/python3.12/weakref.py", line 590, in __call__
    return info.func(*info.args, **(info.kwargs or {}))
           ^^^^^^^^^^^^^^^^^^^^^^^^^^^^^^^^^^^^^^^^^^^^
  File "/zhome/6b/e/212868/GTN/.venv/lib/python3.12/site-packages/aim/ext/transport/remote_resource.py", line 16, in _close
    self.rpc_client.release_resource(self.hash, self.handler)
  File "/zhome/6b/e/212868/GTN/.venv/lib/python3.12/site-packages/aim/ext/transport/client.py", line 232, in release_resource
    del self._resource_pool[resource_handler]
        ~~~~~~~~~~~~~~~~~~~^^^^^^^^^^^^^^^^^^
  File "/zhome/6b/e/212868/.local/share/uv/python/cpython-3.12.11-linux-x86_64-gnu/lib/python3.12/weakref.py", line 145, in __delitem__
    del self.data[key]
        ~~~~~~~~~^^^^^
KeyError: 'd7b8746e-ae6c-4e4d-a963-803bfcc806a4'
Exception ignored in: <finalize object at 0x7fdbcd236cc0; dead>
Traceback (most recent call last):
  File "/zhome/6b/e/212868/.local/share/uv/python/cpython-3.12.11-linux-x86_64-gnu/lib/python3.12/weakref.py", line 590, in __call__
    return info.func(*info.args, **(info.kwargs or {}))
           ^^^^^^^^^^^^^^^^^^^^^^^^^^^^^^^^^^^^^^^^^^^^
  File "/zhome/6b/e/212868/GTN/.venv/lib/python3.12/site-packages/aim/ext/transport/remote_resource.py", line 16, in _close
    self.rpc_client.release_resource(self.hash, self.handler)
  File "/zhome/6b/e/212868/GTN/.venv/lib/python3.12/site-packages/aim/ext/transport/client.py", line 232, in release_resource
    del self._resource_pool[resource_handler]
        ~~~~~~~~~~~~~~~~~~~^^^^^^^^^^^^^^^^^^
  File "/zhome/6b/e/212868/.local/share/uv/python/cpython-3.12.11-linux-x86_64-gnu/lib/python3.12/weakref.py", line 145, in __delitem__
    del self.data[key]
        ~~~~~~~~~^^^^^
KeyError: 'ff19d005-912e-44a9-8d48-1d0256b83e4d'
Exception ignored in: <finalize object at 0x7fdc14ffc3a0; dead>
Traceback (most recent call last):
  File "/zhome/6b/e/212868/.local/share/uv/python/cpython-3.12.11-linux-x86_64-gnu/lib/python3.12/weakref.py", line 590, in __call__
    return info.func(*info.args, **(info.kwargs or {}))
           ^^^^^^^^^^^^^^^^^^^^^^^^^^^^^^^^^^^^^^^^^^^^
  File "/zhome/6b/e/212868/GTN/.venv/lib/python3.12/site-packages/aim/ext/transport/remote_resource.py", line 16, in _close
    self.rpc_client.release_resource(self.hash, self.handler)
  File "/zhome/6b/e/212868/GTN/.venv/lib/python3.12/site-packages/aim/ext/transport/client.py", line 232, in release_resource
    del self._resource_pool[resource_handler]
        ~~~~~~~~~~~~~~~~~~~^^^^^^^^^^^^^^^^^^
  File "/zhome/6b/e/212868/.local/share/uv/python/cpython-3.12.11-linux-x86_64-gnu/lib/python3.12/weakref.py", line 145, in __delitem__
    del self.data[key]
        ~~~~~~~~~^^^^^
KeyError: '8f0e184d-7b32-4f1f-9063-2e5afcfc1ac7'
Exception ignored in: <finalize object at 0x7fdbfc5be540; dead>
Traceback (most recent call last):
  File "/zhome/6b/e/212868/.local/share/uv/python/cpython-3.12.11-linux-x86_64-gnu/lib/python3.12/weakref.py", line 590, in __call__
    return info.func(*info.args, **(info.kwargs or {}))
           ^^^^^^^^^^^^^^^^^^^^^^^^^^^^^^^^^^^^^^^^^^^^
  File "/zhome/6b/e/212868/GTN/.venv/lib/python3.12/site-packages/aim/ext/transport/remote_resource.py", line 16, in _close
    self.rpc_client.release_resource(self.hash, self.handler)
  File "/zhome/6b/e/212868/GTN/.venv/lib/python3.12/site-packages/aim/ext/transport/client.py", line 232, in release_resource
    del self._resource_pool[resource_handler]
        ~~~~~~~~~~~~~~~~~~~^^^^^^^^^^^^^^^^^^
  File "/zhome/6b/e/212868/.local/share/uv/python/cpython-3.12.11-linux-x86_64-gnu/lib/python3.12/weakref.py", line 145, in __delitem__
    del self.data[key]
        ~~~~~~~~~^^^^^
KeyError: '0a6662a7-abf4-4964-bd59-c8ec28345f6c'
Network connection between client `3744e029-60e8-4d49-b307-334ee9530c86` and server `aimtracking.kosmon.org:443` appears to be absent.
Exception ignored in: <finalize object at 0x7fdd2811b0e0; dead>
Traceback (most recent call last):
  File "/zhome/6b/e/212868/.local/share/uv/python/cpython-3.12.11-linux-x86_64-gnu/lib/python3.12/weakref.py", line 590, in __call__
    return info.func(*info.args, **(info.kwargs or {}))
           ^^^^^^^^^^^^^^^^^^^^^^^^^^^^^^^^^^^^^^^^^^^^
  File "/zhome/6b/e/212868/GTN/.venv/lib/python3.12/site-packages/aim/ext/transport/remote_resource.py", line 16, in _close
    self.rpc_client.release_resource(self.hash, self.handler)
  File "/zhome/6b/e/212868/GTN/.venv/lib/python3.12/site-packages/aim/ext/transport/client.py", line 232, in release_resource
    del self._resource_pool[resource_handler]
        ~~~~~~~~~~~~~~~~~~~^^^^^^^^^^^^^^^^^^
  File "/zhome/6b/e/212868/.local/share/uv/python/cpython-3.12.11-linux-x86_64-gnu/lib/python3.12/weakref.py", line 145, in __delitem__
    del self.data[key]
        ~~~~~~~~~^^^^^
KeyError: '8ff4f294-ea1a-4f80-8d59-366078b2a962'
Exception ignored in: <finalize object at 0x7fdbefb2d3a0; dead>
Traceback (most recent call last):
  File "/zhome/6b/e/212868/.local/share/uv/python/cpython-3.12.11-linux-x86_64-gnu/lib/python3.12/weakref.py", line 590, in __call__
    return info.func(*info.args, **(info.kwargs or {}))
           ^^^^^^^^^^^^^^^^^^^^^^^^^^^^^^^^^^^^^^^^^^^^
  File "/zhome/6b/e/212868/GTN/.venv/lib/python3.12/site-packages/aim/ext/transport/remote_resource.py", line 16, in _close
    self.rpc_client.release_resource(self.hash, self.handler)
  File "/zhome/6b/e/212868/GTN/.venv/lib/python3.12/site-packages/aim/ext/transport/client.py", line 232, in release_resource
    del self._resource_pool[resource_handler]
        ~~~~~~~~~~~~~~~~~~~^^^^^^^^^^^^^^^^^^
  File "/zhome/6b/e/212868/.local/share/uv/python/cpython-3.12.11-linux-x86_64-gnu/lib/python3.12/weakref.py", line 145, in __delitem__
    del self.data[key]
        ~~~~~~~~~^^^^^
KeyError: '577ab089-9063-4d03-990b-600eeb481d33'
Exception ignored in: <finalize object at 0x7fdc14ffc960; dead>
Traceback (most recent call last):
  File "/zhome/6b/e/212868/.local/share/uv/python/cpython-3.12.11-linux-x86_64-gnu/lib/python3.12/weakref.py", line 590, in __call__
    return info.func(*info.args, **(info.kwargs or {}))
           ^^^^^^^^^^^^^^^^^^^^^^^^^^^^^^^^^^^^^^^^^^^^
  File "/zhome/6b/e/212868/GTN/.venv/lib/python3.12/site-packages/aim/ext/transport/remote_resource.py", line 16, in _close
    self.rpc_client.release_resource(self.hash, self.handler)
  File "/zhome/6b/e/212868/GTN/.venv/lib/python3.12/site-packages/aim/ext/transport/client.py", line 232, in release_resource
    del self._resource_pool[resource_handler]
        ~~~~~~~~~~~~~~~~~~~^^^^^^^^^^^^^^^^^^
  File "/zhome/6b/e/212868/.local/share/uv/python/cpython-3.12.11-linux-x86_64-gnu/lib/python3.12/weakref.py", line 145, in __delitem__
    del self.data[key]
        ~~~~~~~~~^^^^^
KeyError: '16c71ade-ab3e-4add-bbfb-50c3a5e584d3'
Exception ignored in: <finalize object at 0x7fdbcd58ffa0; dead>
Traceback (most recent call last):
  File "/zhome/6b/e/212868/.local/share/uv/python/cpython-3.12.11-linux-x86_64-gnu/lib/python3.12/weakref.py", line 590, in __call__
    return info.func(*info.args, **(info.kwargs or {}))
           ^^^^^^^^^^^^^^^^^^^^^^^^^^^^^^^^^^^^^^^^^^^^
  File "/zhome/6b/e/212868/GTN/.venv/lib/python3.12/site-packages/aim/ext/transport/remote_resource.py", line 16, in _close
    self.rpc_client.release_resource(self.hash, self.handler)
  File "/zhome/6b/e/212868/GTN/.venv/lib/python3.12/site-packages/aim/ext/transport/client.py", line 232, in release_resource
    del self._resource_pool[resource_handler]
        ~~~~~~~~~~~~~~~~~~~^^^^^^^^^^^^^^^^^^
  File "/zhome/6b/e/212868/.local/share/uv/python/cpython-3.12.11-linux-x86_64-gnu/lib/python3.12/weakref.py", line 145, in __delitem__
    del self.data[key]
        ~~~~~~~~~^^^^^
KeyError: 'b48a6001-6040-4cf5-9021-dba8ceea6a75'
Exception ignored in: <finalize object at 0x7fdb8d386360; dead>
Traceback (most recent call last):
  File "/zhome/6b/e/212868/.local/share/uv/python/cpython-3.12.11-linux-x86_64-gnu/lib/python3.12/weakref.py", line 590, in __call__
    return info.func(*info.args, **(info.kwargs or {}))
           ^^^^^^^^^^^^^^^^^^^^^^^^^^^^^^^^^^^^^^^^^^^^
  File "/zhome/6b/e/212868/GTN/.venv/lib/python3.12/site-packages/aim/ext/transport/remote_resource.py", line 16, in _close
    self.rpc_client.release_resource(self.hash, self.handler)
  File "/zhome/6b/e/212868/GTN/.venv/lib/python3.12/site-packages/aim/ext/transport/client.py", line 232, in release_resource
    del self._resource_pool[resource_handler]
        ~~~~~~~~~~~~~~~~~~~^^^^^^^^^^^^^^^^^^
  File "/zhome/6b/e/212868/.local/share/uv/python/cpython-3.12.11-linux-x86_64-gnu/lib/python3.12/weakref.py", line 145, in __delitem__
    del self.data[key]
        ~~~~~~~~~^^^^^
KeyError: '90b8a5e8-b0d7-4f8f-a86f-bccba56c595c'
Exception ignored in: <finalize object at 0x7fdb875b0420; dead>
Traceback (most recent call last):
  File "/zhome/6b/e/212868/.local/share/uv/python/cpython-3.12.11-linux-x86_64-gnu/lib/python3.12/weakref.py", line 590, in __call__
    return info.func(*info.args, **(info.kwargs or {}))
           ^^^^^^^^^^^^^^^^^^^^^^^^^^^^^^^^^^^^^^^^^^^^
  File "/zhome/6b/e/212868/GTN/.venv/lib/python3.12/site-packages/aim/ext/transport/remote_resource.py", line 16, in _close
    self.rpc_client.release_resource(self.hash, self.handler)
  File "/zhome/6b/e/212868/GTN/.venv/lib/python3.12/site-packages/aim/ext/transport/client.py", line 232, in release_resource
    del self._resource_pool[resource_handler]
        ~~~~~~~~~~~~~~~~~~~^^^^^^^^^^^^^^^^^^
  File "/zhome/6b/e/212868/.local/share/uv/python/cpython-3.12.11-linux-x86_64-gnu/lib/python3.12/weakref.py", line 145, in __delitem__
    del self.data[key]
        ~~~~~~~~~^^^^^
KeyError: '1d8e33ee-54b0-4166-9624-ed23490d1a86'
User defined signal 2
