/zhome/6b/e/212868/GTN/.venv/lib/python3.12/site-packages/aim/ext/utils.py:11: UserWarning: pkg_resources is deprecated as an API. See https://setuptools.pypa.io/en/latest/pkg_resources.html. The pkg_resources package is slated for removal as early as 2025-11-30. Refrain from using this package or pin to Setuptools<81.
  import pkg_resources
keepalive ping failed
TimeoutError: timed out while closing connection

The above exception was the direct cause of the following exception:

Traceback (most recent call last):
  File "/zhome/6b/e/212868/GTN/.venv/lib/python3.12/site-packages/websockets/sync/connection.py", line 784, in keepalive
    with self.send_context():
         ^^^^^^^^^^^^^^^^^^^
  File "/zhome/6b/e/212868/.local/share/uv/python/cpython-3.12.11-linux-x86_64-gnu/lib/python3.12/contextlib.py", line 144, in __exit__
    next(self.gen)
  File "/zhome/6b/e/212868/GTN/.venv/lib/python3.12/site-packages/websockets/sync/connection.py", line 1020, in send_context
    raise self.protocol.close_exc from original_exc
websockets.exceptions.ConnectionClosedError: sent 1011 (internal error) keepalive ping timeout; no close frame received
Remote Server is unavailable, please check network connection: sent 1011 (internal error) keepalive ping timeout; no close frame received.
Network connection between client `4cdf3d04-d008-4c1e-8d19-654a7a0f61c6` and server `aimtracking.kosmon.org:443` appears to be unstable.
Exception ignored in: <finalize object at 0x7fde8bdb6420; dead>
Traceback (most recent call last):
  File "/zhome/6b/e/212868/.local/share/uv/python/cpython-3.12.11-linux-x86_64-gnu/lib/python3.12/weakref.py", line 590, in __call__
    return info.func(*info.args, **(info.kwargs or {}))
           ^^^^^^^^^^^^^^^^^^^^^^^^^^^^^^^^^^^^^^^^^^^^
  File "/zhome/6b/e/212868/GTN/.venv/lib/python3.12/site-packages/aim/ext/transport/remote_resource.py", line 16, in _close
    self.rpc_client.release_resource(self.hash, self.handler)
  File "/zhome/6b/e/212868/GTN/.venv/lib/python3.12/site-packages/aim/ext/transport/client.py", line 232, in release_resource
    del self._resource_pool[resource_handler]
        ~~~~~~~~~~~~~~~~~~~^^^^^^^^^^^^^^^^^^
  File "/zhome/6b/e/212868/.local/share/uv/python/cpython-3.12.11-linux-x86_64-gnu/lib/python3.12/weakref.py", line 145, in __delitem__
    del self.data[key]
        ~~~~~~~~~^^^^^
KeyError: '54f7636a-8d37-47bb-82df-1c961df23a6c'
Exception ignored in: <finalize object at 0x7fdef048c840; dead>
Traceback (most recent call last):
  File "/zhome/6b/e/212868/.local/share/uv/python/cpython-3.12.11-linux-x86_64-gnu/lib/python3.12/weakref.py", line 590, in __call__
    return info.func(*info.args, **(info.kwargs or {}))
           ^^^^^^^^^^^^^^^^^^^^^^^^^^^^^^^^^^^^^^^^^^^^
  File "/zhome/6b/e/212868/GTN/.venv/lib/python3.12/site-packages/aim/ext/transport/remote_resource.py", line 16, in _close
    self.rpc_client.release_resource(self.hash, self.handler)
  File "/zhome/6b/e/212868/GTN/.venv/lib/python3.12/site-packages/aim/ext/transport/client.py", line 232, in release_resource
    del self._resource_pool[resource_handler]
        ~~~~~~~~~~~~~~~~~~~^^^^^^^^^^^^^^^^^^
  File "/zhome/6b/e/212868/.local/share/uv/python/cpython-3.12.11-linux-x86_64-gnu/lib/python3.12/weakref.py", line 145, in __delitem__
    del self.data[key]
        ~~~~~~~~~^^^^^
KeyError: 'ed1211b9-0ccb-42db-b214-3c21dbe5a9d0'
Exception ignored in: <finalize object at 0x7fde8b8db320; dead>
Traceback (most recent call last):
  File "/zhome/6b/e/212868/.local/share/uv/python/cpython-3.12.11-linux-x86_64-gnu/lib/python3.12/weakref.py", line 590, in __call__
    return info.func(*info.args, **(info.kwargs or {}))
           ^^^^^^^^^^^^^^^^^^^^^^^^^^^^^^^^^^^^^^^^^^^^
  File "/zhome/6b/e/212868/GTN/.venv/lib/python3.12/site-packages/aim/ext/transport/remote_resource.py", line 16, in _close
    self.rpc_client.release_resource(self.hash, self.handler)
  File "/zhome/6b/e/212868/GTN/.venv/lib/python3.12/site-packages/aim/ext/transport/client.py", line 232, in release_resource
    del self._resource_pool[resource_handler]
        ~~~~~~~~~~~~~~~~~~~^^^^^^^^^^^^^^^^^^
  File "/zhome/6b/e/212868/.local/share/uv/python/cpython-3.12.11-linux-x86_64-gnu/lib/python3.12/weakref.py", line 145, in __delitem__
    del self.data[key]
        ~~~~~~~~~^^^^^
KeyError: '3d7dbbd8-e8d1-451b-9e4d-c787ada9d0e9'
Exception ignored in: <finalize object at 0x7fde8b8da0c0; dead>
Traceback (most recent call last):
  File "/zhome/6b/e/212868/.local/share/uv/python/cpython-3.12.11-linux-x86_64-gnu/lib/python3.12/weakref.py", line 590, in __call__
    return info.func(*info.args, **(info.kwargs or {}))
           ^^^^^^^^^^^^^^^^^^^^^^^^^^^^^^^^^^^^^^^^^^^^
  File "/zhome/6b/e/212868/GTN/.venv/lib/python3.12/site-packages/aim/ext/transport/remote_resource.py", line 16, in _close
    self.rpc_client.release_resource(self.hash, self.handler)
  File "/zhome/6b/e/212868/GTN/.venv/lib/python3.12/site-packages/aim/ext/transport/client.py", line 232, in release_resource
    del self._resource_pool[resource_handler]
        ~~~~~~~~~~~~~~~~~~~^^^^^^^^^^^^^^^^^^
  File "/zhome/6b/e/212868/.local/share/uv/python/cpython-3.12.11-linux-x86_64-gnu/lib/python3.12/weakref.py", line 145, in __delitem__
    del self.data[key]
        ~~~~~~~~~^^^^^
KeyError: '481214eb-8bb4-4047-a829-39213a9645ce'
Exception ignored in: <finalize object at 0x7fde8bdb5720; dead>
Traceback (most recent call last):
  File "/zhome/6b/e/212868/.local/share/uv/python/cpython-3.12.11-linux-x86_64-gnu/lib/python3.12/weakref.py", line 590, in __call__
    return info.func(*info.args, **(info.kwargs or {}))
           ^^^^^^^^^^^^^^^^^^^^^^^^^^^^^^^^^^^^^^^^^^^^
  File "/zhome/6b/e/212868/GTN/.venv/lib/python3.12/site-packages/aim/ext/transport/remote_resource.py", line 16, in _close
    self.rpc_client.release_resource(self.hash, self.handler)
  File "/zhome/6b/e/212868/GTN/.venv/lib/python3.12/site-packages/aim/ext/transport/client.py", line 232, in release_resource
    del self._resource_pool[resource_handler]
        ~~~~~~~~~~~~~~~~~~~^^^^^^^^^^^^^^^^^^
  File "/zhome/6b/e/212868/.local/share/uv/python/cpython-3.12.11-linux-x86_64-gnu/lib/python3.12/weakref.py", line 145, in __delitem__
    del self.data[key]
        ~~~~~~~~~^^^^^
KeyError: 'eca07fb9-6f9a-491a-a6b7-784e686a2751'
Exception ignored in: <finalize object at 0x7fdf0109b2a0; dead>
Traceback (most recent call last):
  File "/zhome/6b/e/212868/.local/share/uv/python/cpython-3.12.11-linux-x86_64-gnu/lib/python3.12/weakref.py", line 590, in __call__
    return info.func(*info.args, **(info.kwargs or {}))
           ^^^^^^^^^^^^^^^^^^^^^^^^^^^^^^^^^^^^^^^^^^^^
  File "/zhome/6b/e/212868/GTN/.venv/lib/python3.12/site-packages/aim/ext/transport/remote_resource.py", line 16, in _close
    self.rpc_client.release_resource(self.hash, self.handler)
  File "/zhome/6b/e/212868/GTN/.venv/lib/python3.12/site-packages/aim/ext/transport/client.py", line 232, in release_resource
    del self._resource_pool[resource_handler]
        ~~~~~~~~~~~~~~~~~~~^^^^^^^^^^^^^^^^^^
  File "/zhome/6b/e/212868/.local/share/uv/python/cpython-3.12.11-linux-x86_64-gnu/lib/python3.12/weakref.py", line 145, in __delitem__
    del self.data[key]
        ~~~~~~~~~^^^^^
KeyError: 'fd70c0cd-a56b-482e-b8de-a49153d23044'
Exception ignored in: <finalize object at 0x7fde8af0f520; dead>
Traceback (most recent call last):
  File "/zhome/6b/e/212868/.local/share/uv/python/cpython-3.12.11-linux-x86_64-gnu/lib/python3.12/weakref.py", line 590, in __call__
    return info.func(*info.args, **(info.kwargs or {}))
           ^^^^^^^^^^^^^^^^^^^^^^^^^^^^^^^^^^^^^^^^^^^^
  File "/zhome/6b/e/212868/GTN/.venv/lib/python3.12/site-packages/aim/ext/transport/remote_resource.py", line 16, in _close
    self.rpc_client.release_resource(self.hash, self.handler)
  File "/zhome/6b/e/212868/GTN/.venv/lib/python3.12/site-packages/aim/ext/transport/client.py", line 232, in release_resource
    del self._resource_pool[resource_handler]
        ~~~~~~~~~~~~~~~~~~~^^^^^^^^^^^^^^^^^^
  File "/zhome/6b/e/212868/.local/share/uv/python/cpython-3.12.11-linux-x86_64-gnu/lib/python3.12/weakref.py", line 145, in __delitem__
    del self.data[key]
        ~~~~~~~~~^^^^^
KeyError: 'e4a7e707-6e48-4411-9479-d88575e4180a'

[INTERRUPTED] Job cancelled by user
Terminated
