/zhome/6b/e/212868/GTN/.venv/lib/python3.12/site-packages/aim/ext/utils.py:11: UserWarning: pkg_resources is deprecated as an API. See https://setuptools.pypa.io/en/latest/pkg_resources.html. The pkg_resources package is slated for removal as early as 2025-11-30. Refrain from using this package or pin to Setuptools<81.
  import pkg_resources
Remote Server is unavailable, please check network connection: no close frame received or sent.
Exception ignored in: <finalize object at 0x7f5f1d2aa500; dead>
Traceback (most recent call last):
  File "/zhome/6b/e/212868/.local/share/uv/python/cpython-3.12.11-linux-x86_64-gnu/lib/python3.12/weakref.py", line 590, in __call__
    return info.func(*info.args, **(info.kwargs or {}))
           ^^^^^^^^^^^^^^^^^^^^^^^^^^^^^^^^^^^^^^^^^^^^
  File "/zhome/6b/e/212868/GTN/.venv/lib/python3.12/site-packages/aim/ext/transport/remote_resource.py", line 16, in _close
    self.rpc_client.release_resource(self.hash, self.handler)
  File "/zhome/6b/e/212868/GTN/.venv/lib/python3.12/site-packages/aim/ext/transport/client.py", line 232, in release_resource
    del self._resource_pool[resource_handler]
        ~~~~~~~~~~~~~~~~~~~^^^^^^^^^^^^^^^^^^
  File "/zhome/6b/e/212868/.local/share/uv/python/cpython-3.12.11-linux-x86_64-gnu/lib/python3.12/weakref.py", line 145, in __delitem__
    del self.data[key]
        ~~~~~~~~~^^^^^
KeyError: '6e0d2c66-e38b-47f1-bd75-0ce4c1e91d63'
Exception ignored in: <finalize object at 0x7f5efa88fba0; dead>
Traceback (most recent call last):
  File "/zhome/6b/e/212868/.local/share/uv/python/cpython-3.12.11-linux-x86_64-gnu/lib/python3.12/weakref.py", line 590, in __call__
    return info.func(*info.args, **(info.kwargs or {}))
           ^^^^^^^^^^^^^^^^^^^^^^^^^^^^^^^^^^^^^^^^^^^^
  File "/zhome/6b/e/212868/GTN/.venv/lib/python3.12/site-packages/aim/ext/transport/remote_resource.py", line 16, in _close
    self.rpc_client.release_resource(self.hash, self.handler)
  File "/zhome/6b/e/212868/GTN/.venv/lib/python3.12/site-packages/aim/ext/transport/client.py", line 232, in release_resource
    del self._resource_pool[resource_handler]
        ~~~~~~~~~~~~~~~~~~~^^^^^^^^^^^^^^^^^^
  File "/zhome/6b/e/212868/.local/share/uv/python/cpython-3.12.11-linux-x86_64-gnu/lib/python3.12/weakref.py", line 145, in __delitem__
    del self.data[key]
        ~~~~~~~~~^^^^^
KeyError: 'f2cdc9cf-0f48-409d-b0b5-21c25b9d2abb'
Exception ignored in: <finalize object at 0x7f5f5f721860; dead>
Traceback (most recent call last):
  File "/zhome/6b/e/212868/.local/share/uv/python/cpython-3.12.11-linux-x86_64-gnu/lib/python3.12/weakref.py", line 590, in __call__
    return info.func(*info.args, **(info.kwargs or {}))
           ^^^^^^^^^^^^^^^^^^^^^^^^^^^^^^^^^^^^^^^^^^^^
  File "/zhome/6b/e/212868/GTN/.venv/lib/python3.12/site-packages/aim/ext/transport/remote_resource.py", line 16, in _close
    self.rpc_client.release_resource(self.hash, self.handler)
  File "/zhome/6b/e/212868/GTN/.venv/lib/python3.12/site-packages/aim/ext/transport/client.py", line 232, in release_resource
    del self._resource_pool[resource_handler]
        ~~~~~~~~~~~~~~~~~~~^^^^^^^^^^^^^^^^^^
  File "/zhome/6b/e/212868/.local/share/uv/python/cpython-3.12.11-linux-x86_64-gnu/lib/python3.12/weakref.py", line 145, in __delitem__
    del self.data[key]
        ~~~~~~~~~^^^^^
KeyError: '0d080044-0af4-494b-aa8c-920c34d7c084'
Exception ignored in: <finalize object at 0x7f5f5c280ce0; dead>
Traceback (most recent call last):
  File "/zhome/6b/e/212868/.local/share/uv/python/cpython-3.12.11-linux-x86_64-gnu/lib/python3.12/weakref.py", line 590, in __call__
    return info.func(*info.args, **(info.kwargs or {}))
           ^^^^^^^^^^^^^^^^^^^^^^^^^^^^^^^^^^^^^^^^^^^^
  File "/zhome/6b/e/212868/GTN/.venv/lib/python3.12/site-packages/aim/ext/transport/remote_resource.py", line 16, in _close
    self.rpc_client.release_resource(self.hash, self.handler)
  File "/zhome/6b/e/212868/GTN/.venv/lib/python3.12/site-packages/aim/ext/transport/client.py", line 232, in release_resource
    del self._resource_pool[resource_handler]
        ~~~~~~~~~~~~~~~~~~~^^^^^^^^^^^^^^^^^^
  File "/zhome/6b/e/212868/.local/share/uv/python/cpython-3.12.11-linux-x86_64-gnu/lib/python3.12/weakref.py", line 145, in __delitem__
    del self.data[key]
        ~~~~~~~~~^^^^^
KeyError: 'd1632e3d-7f38-4dca-b99d-696f67209ddb'
Exception ignored in: <finalize object at 0x7f5f5f721b00; dead>
Traceback (most recent call last):
  File "/zhome/6b/e/212868/.local/share/uv/python/cpython-3.12.11-linux-x86_64-gnu/lib/python3.12/weakref.py", line 590, in __call__
    return info.func(*info.args, **(info.kwargs or {}))
           ^^^^^^^^^^^^^^^^^^^^^^^^^^^^^^^^^^^^^^^^^^^^
  File "/zhome/6b/e/212868/GTN/.venv/lib/python3.12/site-packages/aim/ext/transport/remote_resource.py", line 16, in _close
    self.rpc_client.release_resource(self.hash, self.handler)
  File "/zhome/6b/e/212868/GTN/.venv/lib/python3.12/site-packages/aim/ext/transport/client.py", line 232, in release_resource
    del self._resource_pool[resource_handler]
        ~~~~~~~~~~~~~~~~~~~^^^^^^^^^^^^^^^^^^
  File "/zhome/6b/e/212868/.local/share/uv/python/cpython-3.12.11-linux-x86_64-gnu/lib/python3.12/weakref.py", line 145, in __delitem__
    del self.data[key]
        ~~~~~~~~~^^^^^
KeyError: '5a507f47-776b-4f46-bb48-1c2c4de6097d'
Exception ignored in: <finalize object at 0x7f5f5c281360; dead>
Traceback (most recent call last):
  File "/zhome/6b/e/212868/.local/share/uv/python/cpython-3.12.11-linux-x86_64-gnu/lib/python3.12/weakref.py", line 590, in __call__
    return info.func(*info.args, **(info.kwargs or {}))
           ^^^^^^^^^^^^^^^^^^^^^^^^^^^^^^^^^^^^^^^^^^^^
  File "/zhome/6b/e/212868/GTN/.venv/lib/python3.12/site-packages/aim/ext/transport/remote_resource.py", line 16, in _close
    self.rpc_client.release_resource(self.hash, self.handler)
  File "/zhome/6b/e/212868/GTN/.venv/lib/python3.12/site-packages/aim/ext/transport/client.py", line 232, in release_resource
    del self._resource_pool[resource_handler]
        ~~~~~~~~~~~~~~~~~~~^^^^^^^^^^^^^^^^^^
  File "/zhome/6b/e/212868/.local/share/uv/python/cpython-3.12.11-linux-x86_64-gnu/lib/python3.12/weakref.py", line 145, in __delitem__
    del self.data[key]
        ~~~~~~~~~^^^^^
KeyError: 'e12e8bee-a952-4f30-83b3-3b8d78a3037d'
Exception ignored in: <finalize object at 0x7f5f3c14e140; dead>
Traceback (most recent call last):
  File "/zhome/6b/e/212868/.local/share/uv/python/cpython-3.12.11-linux-x86_64-gnu/lib/python3.12/weakref.py", line 590, in __call__
    return info.func(*info.args, **(info.kwargs or {}))
           ^^^^^^^^^^^^^^^^^^^^^^^^^^^^^^^^^^^^^^^^^^^^
  File "/zhome/6b/e/212868/GTN/.venv/lib/python3.12/site-packages/aim/ext/transport/remote_resource.py", line 16, in _close
    self.rpc_client.release_resource(self.hash, self.handler)
  File "/zhome/6b/e/212868/GTN/.venv/lib/python3.12/site-packages/aim/ext/transport/client.py", line 232, in release_resource
    del self._resource_pool[resource_handler]
        ~~~~~~~~~~~~~~~~~~~^^^^^^^^^^^^^^^^^^
  File "/zhome/6b/e/212868/.local/share/uv/python/cpython-3.12.11-linux-x86_64-gnu/lib/python3.12/weakref.py", line 145, in __delitem__
    del self.data[key]
        ~~~~~~~~~^^^^^
KeyError: '98b6671b-6525-4b4a-85f4-f7ebb3fa6005'
Exception ignored in: <finalize object at 0x7f5f5f721ee0; dead>
Traceback (most recent call last):
  File "/zhome/6b/e/212868/.local/share/uv/python/cpython-3.12.11-linux-x86_64-gnu/lib/python3.12/weakref.py", line 590, in __call__
    return info.func(*info.args, **(info.kwargs or {}))
           ^^^^^^^^^^^^^^^^^^^^^^^^^^^^^^^^^^^^^^^^^^^^
  File "/zhome/6b/e/212868/GTN/.venv/lib/python3.12/site-packages/aim/ext/transport/remote_resource.py", line 16, in _close
    self.rpc_client.release_resource(self.hash, self.handler)
  File "/zhome/6b/e/212868/GTN/.venv/lib/python3.12/site-packages/aim/ext/transport/client.py", line 232, in release_resource
    del self._resource_pool[resource_handler]
        ~~~~~~~~~~~~~~~~~~~^^^^^^^^^^^^^^^^^^
  File "/zhome/6b/e/212868/.local/share/uv/python/cpython-3.12.11-linux-x86_64-gnu/lib/python3.12/weakref.py", line 145, in __delitem__
    del self.data[key]
        ~~~~~~~~~^^^^^
KeyError: 'cd782f87-5c48-40cc-87dc-68fbf238d180'
keepalive ping failed
TimeoutError: timed out while closing connection

The above exception was the direct cause of the following exception:

Traceback (most recent call last):
  File "/zhome/6b/e/212868/GTN/.venv/lib/python3.12/site-packages/websockets/sync/connection.py", line 784, in keepalive
    with self.send_context():
         ^^^^^^^^^^^^^^^^^^^
  File "/zhome/6b/e/212868/.local/share/uv/python/cpython-3.12.11-linux-x86_64-gnu/lib/python3.12/contextlib.py", line 144, in __exit__
    next(self.gen)
  File "/zhome/6b/e/212868/GTN/.venv/lib/python3.12/site-packages/websockets/sync/connection.py", line 1020, in send_context
    raise self.protocol.close_exc from original_exc
websockets.exceptions.ConnectionClosedError: sent 1011 (internal error) keepalive ping timeout; no close frame received
Remote Server is unavailable, please check network connection: sent 1011 (internal error) keepalive ping timeout; no close frame received.
Network connection between client `8dcb4db6-67da-4ab8-9329-55e57a75270e` and server `aimtracking.kosmon.org:443` appears to be unstable.
Exception ignored in: <finalize object at 0x7f5f1d2aa4e0; dead>
Traceback (most recent call last):
  File "/zhome/6b/e/212868/.local/share/uv/python/cpython-3.12.11-linux-x86_64-gnu/lib/python3.12/weakref.py", line 590, in __call__
    return info.func(*info.args, **(info.kwargs or {}))
           ^^^^^^^^^^^^^^^^^^^^^^^^^^^^^^^^^^^^^^^^^^^^
  File "/zhome/6b/e/212868/GTN/.venv/lib/python3.12/site-packages/aim/ext/transport/remote_resource.py", line 16, in _close
    self.rpc_client.release_resource(self.hash, self.handler)
  File "/zhome/6b/e/212868/GTN/.venv/lib/python3.12/site-packages/aim/ext/transport/client.py", line 232, in release_resource
    del self._resource_pool[resource_handler]
        ~~~~~~~~~~~~~~~~~~~^^^^^^^^^^^^^^^^^^
  File "/zhome/6b/e/212868/.local/share/uv/python/cpython-3.12.11-linux-x86_64-gnu/lib/python3.12/weakref.py", line 145, in __delitem__
    del self.data[key]
        ~~~~~~~~~^^^^^
KeyError: '9edbaa66-3f5e-4146-80ec-5066f5c406db'
Exception ignored in: <finalize object at 0x7f5ef90123a0; dead>
Traceback (most recent call last):
  File "/zhome/6b/e/212868/.local/share/uv/python/cpython-3.12.11-linux-x86_64-gnu/lib/python3.12/weakref.py", line 590, in __call__
    return info.func(*info.args, **(info.kwargs or {}))
           ^^^^^^^^^^^^^^^^^^^^^^^^^^^^^^^^^^^^^^^^^^^^
  File "/zhome/6b/e/212868/GTN/.venv/lib/python3.12/site-packages/aim/ext/transport/remote_resource.py", line 16, in _close
    self.rpc_client.release_resource(self.hash, self.handler)
  File "/zhome/6b/e/212868/GTN/.venv/lib/python3.12/site-packages/aim/ext/transport/client.py", line 232, in release_resource
    del self._resource_pool[resource_handler]
        ~~~~~~~~~~~~~~~~~~~^^^^^^^^^^^^^^^^^^
  File "/zhome/6b/e/212868/.local/share/uv/python/cpython-3.12.11-linux-x86_64-gnu/lib/python3.12/weakref.py", line 145, in __delitem__
    del self.data[key]
        ~~~~~~~~~^^^^^
KeyError: '4bf446cb-7347-4d11-be46-5aea90fda11f'
Exception ignored in: <finalize object at 0x7f5f5c280e80; dead>
Traceback (most recent call last):
  File "/zhome/6b/e/212868/.local/share/uv/python/cpython-3.12.11-linux-x86_64-gnu/lib/python3.12/weakref.py", line 590, in __call__
    return info.func(*info.args, **(info.kwargs or {}))
           ^^^^^^^^^^^^^^^^^^^^^^^^^^^^^^^^^^^^^^^^^^^^
  File "/zhome/6b/e/212868/GTN/.venv/lib/python3.12/site-packages/aim/ext/transport/remote_resource.py", line 16, in _close
    self.rpc_client.release_resource(self.hash, self.handler)
  File "/zhome/6b/e/212868/GTN/.venv/lib/python3.12/site-packages/aim/ext/transport/client.py", line 232, in release_resource
    del self._resource_pool[resource_handler]
        ~~~~~~~~~~~~~~~~~~~^^^^^^^^^^^^^^^^^^
  File "/zhome/6b/e/212868/.local/share/uv/python/cpython-3.12.11-linux-x86_64-gnu/lib/python3.12/weakref.py", line 145, in __delitem__
    del self.data[key]
        ~~~~~~~~~^^^^^
KeyError: '04accce8-c18d-400a-883b-0091b7c4b9f7'
Exception ignored in: <finalize object at 0x7f5f5c280ce0; dead>
Traceback (most recent call last):
  File "/zhome/6b/e/212868/.local/share/uv/python/cpython-3.12.11-linux-x86_64-gnu/lib/python3.12/weakref.py", line 590, in __call__
    return info.func(*info.args, **(info.kwargs or {}))
           ^^^^^^^^^^^^^^^^^^^^^^^^^^^^^^^^^^^^^^^^^^^^
  File "/zhome/6b/e/212868/GTN/.venv/lib/python3.12/site-packages/aim/ext/transport/remote_resource.py", line 16, in _close
    self.rpc_client.release_resource(self.hash, self.handler)
  File "/zhome/6b/e/212868/GTN/.venv/lib/python3.12/site-packages/aim/ext/transport/client.py", line 232, in release_resource
    del self._resource_pool[resource_handler]
        ~~~~~~~~~~~~~~~~~~~^^^^^^^^^^^^^^^^^^
  File "/zhome/6b/e/212868/.local/share/uv/python/cpython-3.12.11-linux-x86_64-gnu/lib/python3.12/weakref.py", line 145, in __delitem__
    del self.data[key]
        ~~~~~~~~~^^^^^
KeyError: '11c10a8d-e598-41e7-9ed8-46478c801d09'
Exception ignored in: <finalize object at 0x7f5f5f7217c0; dead>
Traceback (most recent call last):
  File "/zhome/6b/e/212868/.local/share/uv/python/cpython-3.12.11-linux-x86_64-gnu/lib/python3.12/weakref.py", line 590, in __call__
    return info.func(*info.args, **(info.kwargs or {}))
           ^^^^^^^^^^^^^^^^^^^^^^^^^^^^^^^^^^^^^^^^^^^^
  File "/zhome/6b/e/212868/GTN/.venv/lib/python3.12/site-packages/aim/ext/transport/remote_resource.py", line 16, in _close
    self.rpc_client.release_resource(self.hash, self.handler)
  File "/zhome/6b/e/212868/GTN/.venv/lib/python3.12/site-packages/aim/ext/transport/client.py", line 232, in release_resource
    del self._resource_pool[resource_handler]
        ~~~~~~~~~~~~~~~~~~~^^^^^^^^^^^^^^^^^^
  File "/zhome/6b/e/212868/.local/share/uv/python/cpython-3.12.11-linux-x86_64-gnu/lib/python3.12/weakref.py", line 145, in __delitem__
    del self.data[key]
        ~~~~~~~~~^^^^^
KeyError: 'b4bf3f01-be9e-4d8b-a3e7-a6d8004da5cf'
Exception ignored in: <finalize object at 0x7f5f5f721b20; dead>
Traceback (most recent call last):
  File "/zhome/6b/e/212868/.local/share/uv/python/cpython-3.12.11-linux-x86_64-gnu/lib/python3.12/weakref.py", line 590, in __call__
    return info.func(*info.args, **(info.kwargs or {}))
           ^^^^^^^^^^^^^^^^^^^^^^^^^^^^^^^^^^^^^^^^^^^^
  File "/zhome/6b/e/212868/GTN/.venv/lib/python3.12/site-packages/aim/ext/transport/remote_resource.py", line 16, in _close
    self.rpc_client.release_resource(self.hash, self.handler)
  File "/zhome/6b/e/212868/GTN/.venv/lib/python3.12/site-packages/aim/ext/transport/client.py", line 232, in release_resource
    del self._resource_pool[resource_handler]
        ~~~~~~~~~~~~~~~~~~~^^^^^^^^^^^^^^^^^^
  File "/zhome/6b/e/212868/.local/share/uv/python/cpython-3.12.11-linux-x86_64-gnu/lib/python3.12/weakref.py", line 145, in __delitem__
    del self.data[key]
        ~~~~~~~~~^^^^^
KeyError: '46a14c84-88fb-48d6-8fab-5a6c50730460'
Exception ignored in: <finalize object at 0x7f5f5f721e60; dead>
Traceback (most recent call last):
  File "/zhome/6b/e/212868/.local/share/uv/python/cpython-3.12.11-linux-x86_64-gnu/lib/python3.12/weakref.py", line 590, in __call__
    return info.func(*info.args, **(info.kwargs or {}))
           ^^^^^^^^^^^^^^^^^^^^^^^^^^^^^^^^^^^^^^^^^^^^
  File "/zhome/6b/e/212868/GTN/.venv/lib/python3.12/site-packages/aim/ext/transport/remote_resource.py", line 16, in _close
    self.rpc_client.release_resource(self.hash, self.handler)
  File "/zhome/6b/e/212868/GTN/.venv/lib/python3.12/site-packages/aim/ext/transport/client.py", line 232, in release_resource
    del self._resource_pool[resource_handler]
        ~~~~~~~~~~~~~~~~~~~^^^^^^^^^^^^^^^^^^
  File "/zhome/6b/e/212868/.local/share/uv/python/cpython-3.12.11-linux-x86_64-gnu/lib/python3.12/weakref.py", line 145, in __delitem__
    del self.data[key]
        ~~~~~~~~~^^^^^
KeyError: '518f27a6-c502-46df-a8f0-f385c96a79c5'
Exception ignored in: <finalize object at 0x7f5f5c280d20; dead>
Traceback (most recent call last):
  File "/zhome/6b/e/212868/.local/share/uv/python/cpython-3.12.11-linux-x86_64-gnu/lib/python3.12/weakref.py", line 590, in __call__
    return info.func(*info.args, **(info.kwargs or {}))
           ^^^^^^^^^^^^^^^^^^^^^^^^^^^^^^^^^^^^^^^^^^^^
  File "/zhome/6b/e/212868/GTN/.venv/lib/python3.12/site-packages/aim/ext/transport/remote_resource.py", line 16, in _close
    self.rpc_client.release_resource(self.hash, self.handler)
  File "/zhome/6b/e/212868/GTN/.venv/lib/python3.12/site-packages/aim/ext/transport/client.py", line 232, in release_resource
    del self._resource_pool[resource_handler]
        ~~~~~~~~~~~~~~~~~~~^^^^^^^^^^^^^^^^^^
  File "/zhome/6b/e/212868/.local/share/uv/python/cpython-3.12.11-linux-x86_64-gnu/lib/python3.12/weakref.py", line 145, in __delitem__
    del self.data[key]
        ~~~~~~~~~^^^^^
KeyError: '397a5dd1-d636-4683-9343-2d8b9ccd6833'
Exception ignored in: <finalize object at 0x7f5f5f721f00; dead>
Traceback (most recent call last):
  File "/zhome/6b/e/212868/.local/share/uv/python/cpython-3.12.11-linux-x86_64-gnu/lib/python3.12/weakref.py", line 590, in __call__
    return info.func(*info.args, **(info.kwargs or {}))
           ^^^^^^^^^^^^^^^^^^^^^^^^^^^^^^^^^^^^^^^^^^^^
  File "/zhome/6b/e/212868/GTN/.venv/lib/python3.12/site-packages/aim/ext/transport/remote_resource.py", line 16, in _close
    self.rpc_client.release_resource(self.hash, self.handler)
  File "/zhome/6b/e/212868/GTN/.venv/lib/python3.12/site-packages/aim/ext/transport/client.py", line 232, in release_resource
    del self._resource_pool[resource_handler]
        ~~~~~~~~~~~~~~~~~~~^^^^^^^^^^^^^^^^^^
  File "/zhome/6b/e/212868/.local/share/uv/python/cpython-3.12.11-linux-x86_64-gnu/lib/python3.12/weakref.py", line 145, in __delitem__
    del self.data[key]
        ~~~~~~~~~^^^^^
KeyError: 'e89375c3-1f85-401a-b746-52d1c7fad18c'
Exception ignored in: <finalize object at 0x7f5ef84e3ce0; dead>
Traceback (most recent call last):
  File "/zhome/6b/e/212868/.local/share/uv/python/cpython-3.12.11-linux-x86_64-gnu/lib/python3.12/weakref.py", line 590, in __call__
    return info.func(*info.args, **(info.kwargs or {}))
           ^^^^^^^^^^^^^^^^^^^^^^^^^^^^^^^^^^^^^^^^^^^^
  File "/zhome/6b/e/212868/GTN/.venv/lib/python3.12/site-packages/aim/ext/transport/remote_resource.py", line 16, in _close
    self.rpc_client.release_resource(self.hash, self.handler)
  File "/zhome/6b/e/212868/GTN/.venv/lib/python3.12/site-packages/aim/ext/transport/client.py", line 232, in release_resource
    del self._resource_pool[resource_handler]
        ~~~~~~~~~~~~~~~~~~~^^^^^^^^^^^^^^^^^^
  File "/zhome/6b/e/212868/.local/share/uv/python/cpython-3.12.11-linux-x86_64-gnu/lib/python3.12/weakref.py", line 145, in __delitem__
    del self.data[key]
        ~~~~~~~~~^^^^^
KeyError: '3ab993e2-eaa5-4f29-8095-b1524f8721e7'

[INTERRUPTED] Job cancelled by user
Terminated
