/zhome/6b/e/212868/GTN/.venv/lib/python3.12/site-packages/aim/ext/utils.py:11: UserWarning: pkg_resources is deprecated as an API. See https://setuptools.pypa.io/en/latest/pkg_resources.html. The pkg_resources package is slated for removal as early as 2025-11-30. Refrain from using this package or pin to Setuptools<81.
  import pkg_resources
keepalive ping failed
TimeoutError: timed out while closing connection

The above exception was the direct cause of the following exception:

Traceback (most recent call last):
  File "/zhome/6b/e/212868/GTN/.venv/lib/python3.12/site-packages/websockets/sync/connection.py", line 784, in keepalive
    with self.send_context():
         ^^^^^^^^^^^^^^^^^^^
  File "/zhome/6b/e/212868/.local/share/uv/python/cpython-3.12.11-linux-x86_64-gnu/lib/python3.12/contextlib.py", line 144, in __exit__
    next(self.gen)
  File "/zhome/6b/e/212868/GTN/.venv/lib/python3.12/site-packages/websockets/sync/connection.py", line 1020, in send_context
    raise self.protocol.close_exc from original_exc
websockets.exceptions.ConnectionClosedError: sent 1011 (internal error) keepalive ping timeout; no close frame received
Remote Server is unavailable, please check network connection: sent 1011 (internal error) keepalive ping timeout; no close frame received.
Network connection between client `e3dcfa5d-284b-4632-b485-132e51e192c6` and server `aimtracking.kosmon.org:443` appears to be unstable.
Exception ignored in: <finalize object at 0x7f37c403b4e0; dead>
Traceback (most recent call last):
  File "/zhome/6b/e/212868/.local/share/uv/python/cpython-3.12.11-linux-x86_64-gnu/lib/python3.12/weakref.py", line 590, in __call__
    return info.func(*info.args, **(info.kwargs or {}))
           ^^^^^^^^^^^^^^^^^^^^^^^^^^^^^^^^^^^^^^^^^^^^
  File "/zhome/6b/e/212868/GTN/.venv/lib/python3.12/site-packages/aim/ext/transport/remote_resource.py", line 16, in _close
    self.rpc_client.release_resource(self.hash, self.handler)
  File "/zhome/6b/e/212868/GTN/.venv/lib/python3.12/site-packages/aim/ext/transport/client.py", line 232, in release_resource
    del self._resource_pool[resource_handler]
        ~~~~~~~~~~~~~~~~~~~^^^^^^^^^^^^^^^^^^
  File "/zhome/6b/e/212868/.local/share/uv/python/cpython-3.12.11-linux-x86_64-gnu/lib/python3.12/weakref.py", line 145, in __delitem__
    del self.data[key]
        ~~~~~~~~~^^^^^
KeyError: '4f07ca79-d0d3-4672-9c12-221d55111141'
Exception ignored in: <finalize object at 0x7f37b4c696c0; dead>
Traceback (most recent call last):
  File "/zhome/6b/e/212868/.local/share/uv/python/cpython-3.12.11-linux-x86_64-gnu/lib/python3.12/weakref.py", line 590, in __call__
    return info.func(*info.args, **(info.kwargs or {}))
           ^^^^^^^^^^^^^^^^^^^^^^^^^^^^^^^^^^^^^^^^^^^^
  File "/zhome/6b/e/212868/GTN/.venv/lib/python3.12/site-packages/aim/ext/transport/remote_resource.py", line 16, in _close
    self.rpc_client.release_resource(self.hash, self.handler)
  File "/zhome/6b/e/212868/GTN/.venv/lib/python3.12/site-packages/aim/ext/transport/client.py", line 232, in release_resource
    del self._resource_pool[resource_handler]
        ~~~~~~~~~~~~~~~~~~~^^^^^^^^^^^^^^^^^^
  File "/zhome/6b/e/212868/.local/share/uv/python/cpython-3.12.11-linux-x86_64-gnu/lib/python3.12/weakref.py", line 145, in __delitem__
    del self.data[key]
        ~~~~~~~~~^^^^^
KeyError: '182cd09f-0dca-49cb-ad9f-0051281d46ac'
Exception ignored in: <finalize object at 0x7f37b4c69000; dead>
Traceback (most recent call last):
  File "/zhome/6b/e/212868/.local/share/uv/python/cpython-3.12.11-linux-x86_64-gnu/lib/python3.12/weakref.py", line 590, in __call__
    return info.func(*info.args, **(info.kwargs or {}))
           ^^^^^^^^^^^^^^^^^^^^^^^^^^^^^^^^^^^^^^^^^^^^
  File "/zhome/6b/e/212868/GTN/.venv/lib/python3.12/site-packages/aim/ext/transport/remote_resource.py", line 16, in _close
    self.rpc_client.release_resource(self.hash, self.handler)
  File "/zhome/6b/e/212868/GTN/.venv/lib/python3.12/site-packages/aim/ext/transport/client.py", line 232, in release_resource
    del self._resource_pool[resource_handler]
        ~~~~~~~~~~~~~~~~~~~^^^^^^^^^^^^^^^^^^
  File "/zhome/6b/e/212868/.local/share/uv/python/cpython-3.12.11-linux-x86_64-gnu/lib/python3.12/weakref.py", line 145, in __delitem__
    del self.data[key]
        ~~~~~~~~~^^^^^
KeyError: 'a2c0bff8-46a1-42a1-8049-2cb76a0ad4fa'
Exception ignored in: <finalize object at 0x7f37b4c68fe0; dead>
Traceback (most recent call last):
  File "/zhome/6b/e/212868/.local/share/uv/python/cpython-3.12.11-linux-x86_64-gnu/lib/python3.12/weakref.py", line 590, in __call__
    return info.func(*info.args, **(info.kwargs or {}))
           ^^^^^^^^^^^^^^^^^^^^^^^^^^^^^^^^^^^^^^^^^^^^
  File "/zhome/6b/e/212868/GTN/.venv/lib/python3.12/site-packages/aim/ext/transport/remote_resource.py", line 16, in _close
    self.rpc_client.release_resource(self.hash, self.handler)
  File "/zhome/6b/e/212868/GTN/.venv/lib/python3.12/site-packages/aim/ext/transport/client.py", line 232, in release_resource
    del self._resource_pool[resource_handler]
        ~~~~~~~~~~~~~~~~~~~^^^^^^^^^^^^^^^^^^
  File "/zhome/6b/e/212868/.local/share/uv/python/cpython-3.12.11-linux-x86_64-gnu/lib/python3.12/weakref.py", line 145, in __delitem__
    del self.data[key]
        ~~~~~~~~~^^^^^
KeyError: '0f630b1b-15ee-464c-9c30-8b0d0f8cdc4d'
Exception ignored in: <finalize object at 0x7f37b4c692e0; dead>
Traceback (most recent call last):
  File "/zhome/6b/e/212868/.local/share/uv/python/cpython-3.12.11-linux-x86_64-gnu/lib/python3.12/weakref.py", line 590, in __call__
    return info.func(*info.args, **(info.kwargs or {}))
           ^^^^^^^^^^^^^^^^^^^^^^^^^^^^^^^^^^^^^^^^^^^^
  File "/zhome/6b/e/212868/GTN/.venv/lib/python3.12/site-packages/aim/ext/transport/remote_resource.py", line 16, in _close
    self.rpc_client.release_resource(self.hash, self.handler)
  File "/zhome/6b/e/212868/GTN/.venv/lib/python3.12/site-packages/aim/ext/transport/client.py", line 232, in release_resource
    del self._resource_pool[resource_handler]
        ~~~~~~~~~~~~~~~~~~~^^^^^^^^^^^^^^^^^^
  File "/zhome/6b/e/212868/.local/share/uv/python/cpython-3.12.11-linux-x86_64-gnu/lib/python3.12/weakref.py", line 145, in __delitem__
    del self.data[key]
        ~~~~~~~~~^^^^^
KeyError: '5c153044-858b-4587-8c2a-0c1ddb49f697'
Exception ignored in: <finalize object at 0x7f37dac8d2e0; dead>
Traceback (most recent call last):
  File "/zhome/6b/e/212868/.local/share/uv/python/cpython-3.12.11-linux-x86_64-gnu/lib/python3.12/weakref.py", line 590, in __call__
    return info.func(*info.args, **(info.kwargs or {}))
           ^^^^^^^^^^^^^^^^^^^^^^^^^^^^^^^^^^^^^^^^^^^^
  File "/zhome/6b/e/212868/GTN/.venv/lib/python3.12/site-packages/aim/ext/transport/remote_resource.py", line 16, in _close
    self.rpc_client.release_resource(self.hash, self.handler)
  File "/zhome/6b/e/212868/GTN/.venv/lib/python3.12/site-packages/aim/ext/transport/client.py", line 232, in release_resource
    del self._resource_pool[resource_handler]
        ~~~~~~~~~~~~~~~~~~~^^^^^^^^^^^^^^^^^^
  File "/zhome/6b/e/212868/.local/share/uv/python/cpython-3.12.11-linux-x86_64-gnu/lib/python3.12/weakref.py", line 145, in __delitem__
    del self.data[key]
        ~~~~~~~~~^^^^^
KeyError: 'c42a4486-ca12-41c1-a6aa-1f841b5dded0'
Exception ignored in: <finalize object at 0x7f37b4c690a0; dead>
Traceback (most recent call last):
  File "/zhome/6b/e/212868/.local/share/uv/python/cpython-3.12.11-linux-x86_64-gnu/lib/python3.12/weakref.py", line 590, in __call__
    return info.func(*info.args, **(info.kwargs or {}))
           ^^^^^^^^^^^^^^^^^^^^^^^^^^^^^^^^^^^^^^^^^^^^
  File "/zhome/6b/e/212868/GTN/.venv/lib/python3.12/site-packages/aim/ext/transport/remote_resource.py", line 16, in _close
    self.rpc_client.release_resource(self.hash, self.handler)
  File "/zhome/6b/e/212868/GTN/.venv/lib/python3.12/site-packages/aim/ext/transport/client.py", line 232, in release_resource
    del self._resource_pool[resource_handler]
        ~~~~~~~~~~~~~~~~~~~^^^^^^^^^^^^^^^^^^
  File "/zhome/6b/e/212868/.local/share/uv/python/cpython-3.12.11-linux-x86_64-gnu/lib/python3.12/weakref.py", line 145, in __delitem__
    del self.data[key]
        ~~~~~~~~~^^^^^
KeyError: '1f97133a-288d-4e3a-b414-84afbb49ad42'
User defined signal 2
