======================================================================
EXPERIMENT PLAN SUMMARY
======================================================================
Total experiments: 180
Grid combinations: 36
Seeds per combination: 5

Parameter Grid:
  model: ['LMPO2', 'LMPO2TypeI'] (n=2)
  L: [3, 4] (n=2)
  bond_dim: [8, 12, 16] (n=3)
  jitter_start: [5.0] (n=1)
  reduction_factor: [0.1, 0.3, 0.5] (n=3)

Fixed Parameters:
  batch_size: 1024
  n_epochs: 100
  jitter_decay: 0.25
  adaptive_jitter: False
  patience: 10
  min_delta: 1e-06
  train_selection: True
  init_strength: 0.01
  bond_dim_mpo: 1

Example runs (first 5):
  1. LMPO2-L3-d8-jit5-rf0.1-seed42
  2. LMPO2-L3-d8-jit5-rf0.1-seed7
  3. LMPO2-L3-d8-jit5-rf0.1-seed123
  4. LMPO2-L3-d8-jit5-rf0.1-seed256
  5. LMPO2-L3-d8-jit5-rf0.1-seed999
  ... (175 more)

Loading dataset: car_evaluation...
  Dataset: car_evaluation
  Train: 1209 samples
  Val: 259 samples
  Test: 260 samples
  Features: 27 (+1 bias = 27)
  Task: classification
  Device: cuda


[15/180] Running: LMPO2-L3-d8-jit5-rf0.5-seed999
  AIM run started: 01a35a47288c4b0eb798032b
  AIM run finalized: 01a35a47288c4b0eb798032b
  Experiment log saved to: experiment_logs/ntn_car_evaluation_LMPO2_L3_d8_j5_s999.json
  ✗ FAILED: Unknown error

[16/180] Running: LMPO2-L3-d12-jit5-rf0.1-seed42
  AIM run started: afc58f56ad9948b7945d539a
  AIM run finalized: afc58f56ad9948b7945d539a
  Experiment log saved to: experiment_logs/ntn_car_evaluation_LMPO2_L3_d12_j5_s42.json
  ✗ FAILED: Unknown error

[17/180] Running: LMPO2-L3-d12-jit5-rf0.1-seed7
  AIM run started: 204a30eb6ba54aa999b4d4f3
  AIM run finalized: 204a30eb6ba54aa999b4d4f3
  Experiment log saved to: experiment_logs/ntn_car_evaluation_LMPO2_L3_d12_j5_s7.json
  ✗ FAILED: Unknown error

[18/180] Running: LMPO2-L3-d12-jit5-rf0.1-seed123
  AIM run started: 9e01f237ff714541a7dbf992
  AIM run finalized: 9e01f237ff714541a7dbf992
  Experiment log saved to: experiment_logs/ntn_car_evaluation_LMPO2_L3_d12_j5_s123.json
  ✗ FAILED: Unknown error

[19/180] Running: LMPO2-L3-d12-jit5-rf0.1-seed256
  AIM run started: 7fd0bc03680e40a9832d90af
  AIM run finalized: 7fd0bc03680e40a9832d90af
  Experiment log saved to: experiment_logs/ntn_car_evaluation_LMPO2_L3_d12_j5_s256.json
  ✗ FAILED: Unknown error

[20/180] Running: LMPO2-L3-d12-jit5-rf0.1-seed999
  AIM run started: 4606dc8a76764ee284d6ae0c
  AIM run finalized: 4606dc8a76764ee284d6ae0c
  Experiment log saved to: experiment_logs/ntn_car_evaluation_LMPO2_L3_d12_j5_s999.json
  ✗ FAILED: Unknown error

[21/180] Running: LMPO2-L3-d12-jit5-rf0.3-seed42
  AIM run started: 54daf51401aa46ebb3fad0eb
  AIM run finalized: 54daf51401aa46ebb3fad0eb
  Experiment log saved to: experiment_logs/ntn_car_evaluation_LMPO2_L3_d12_j5_s42.json
  ✗ FAILED: Unknown error

[22/180] Running: LMPO2-L3-d12-jit5-rf0.3-seed7
  AIM run started: d3bbda2a9d5542599015926d
  AIM run finalized: d3bbda2a9d5542599015926d
  Experiment log saved to: experiment_logs/ntn_car_evaluation_LMPO2_L3_d12_j5_s7.json
  ✗ FAILED: Unknown error

[23/180] Running: LMPO2-L3-d12-jit5-rf0.3-seed123
  AIM run started: 593638ac909e4091b82d7efb
  AIM run finalized: 593638ac909e4091b82d7efb
  Experiment log saved to: experiment_logs/ntn_car_evaluation_LMPO2_L3_d12_j5_s123.json
  ✗ FAILED: Unknown error

[24/180] Running: LMPO2-L3-d12-jit5-rf0.3-seed256
  AIM run started: 9c6428b4689e403c99f41e47
  AIM run finalized: 9c6428b4689e403c99f41e47
  Experiment log saved to: experiment_logs/ntn_car_evaluation_LMPO2_L3_d12_j5_s256.json
  ✗ FAILED: Unknown error

[25/180] Running: LMPO2-L3-d12-jit5-rf0.3-seed999
  AIM run started: f9fd595d1fe34d279bf81bbd
  AIM run finalized: f9fd595d1fe34d279bf81bbd
  Experiment log saved to: experiment_logs/ntn_car_evaluation_LMPO2_L3_d12_j5_s999.json
  ✗ FAILED: Unknown error

[26/180] Running: LMPO2-L3-d12-jit5-rf0.5-seed42
  AIM run started: 493751dc8ab44edf9651eae4
  AIM run finalized: 493751dc8ab44edf9651eae4
  Experiment log saved to: experiment_logs/ntn_car_evaluation_LMPO2_L3_d12_j5_s42.json
  ✗ FAILED: Unknown error

[27/180] Running: LMPO2-L3-d12-jit5-rf0.5-seed7
  AIM run started: 7a5370f477c04ac3b85cdf8e

------------------------------------------------------------
Sender: LSF System <lsfadmin@hpc.dtu.dk>
Subject: Job 27742029: <ntn-car-evaluation> in cluster <dcc> Exited

Job <ntn-car-evaluation> was submitted from host <hpclogin1> by user <nicci> in cluster <dcc> at Fri Feb  6 09:30:08 2026
Job was executed on host(s) <4*n-62-20-11>, in queue <gpuv100>, as user <nicci> in cluster <dcc> at Fri Feb  6 09:42:28 2026
</zhome/6b/e/212868> was used as the home directory.
</zhome/6b/e/212868/GTN> was used as the working directory.
Started at Fri Feb  6 09:42:28 2026
Terminated at Fri Feb  6 09:44:00 2026
Results reported at Fri Feb  6 09:44:00 2026

Your job looked like:

------------------------------------------------------------
# LSBATCH: User input
#!/bin/sh
#BSUB -q gpuv100
#BSUB -J ntn-car-evaluation
#BSUB -W 12:00
#BSUB -n 4
#BSUB -gpu "num=1:mode=exclusive_process"
#BSUB -R "rusage[mem=500MB]"
#BSUB -R "span[hosts=1]"
#BSUB -o logs/ntn-car-evaluation_%J.out
#BSUB -e logs/ntn-car-evaluation_%J.err
#BSUB -u nicci@dtu.dk

export HOME=/zhome/6b/e/212868

cd $HOME/GTN
source .venv/bin/activate

set -a
source $HOME/aim
set +a

python experiments/run_grid_search.py --config experiments/configs/uci_ntn_car_evaluation_lmpo2.json 

------------------------------------------------------------

Exited with exit code 137.

Resource usage summary:

    CPU time :                                   23.00 sec.
    Max Memory :                                 881 MB
    Average Memory :                             833.67 MB
    Total Requested Memory :                     2000.00 MB
    Delta Memory :                               1119.00 MB
    Max Swap :                                   -
    Max Processes :                              4
    Max Threads :                                16
    Run time :                                   93 sec.
    Turnaround time :                            832 sec.

The output (if any) is above this job summary.



PS:

Read file <logs/ntn-car-evaluation_27742029.err> for stderr output of this job.

