======================================================================
EXPERIMENT PLAN SUMMARY
======================================================================
Total experiments: 180
Grid combinations: 36
Seeds per combination: 5

Parameter Grid:
  model: ['LMPO2', 'LMPO2TypeI'] (n=2)
  L: [3, 4] (n=2)
  bond_dim: [8, 12, 16] (n=3)
  jitter_start: [5.0] (n=1)
  reduction_factor: [0.1, 0.3, 0.5] (n=3)

Fixed Parameters:
  batch_size: 1024
  n_epochs: 100
  jitter_decay: 0.25
  adaptive_jitter: False
  patience: 10
  min_delta: 1e-06
  train_selection: True
  init_strength: 0.01
  bond_dim_mpo: 1

Example runs (first 5):
  1. LMPO2-L3-d8-jit5-rf0.1-seed42
  2. LMPO2-L3-d8-jit5-rf0.1-seed7
  3. LMPO2-L3-d8-jit5-rf0.1-seed123
  4. LMPO2-L3-d8-jit5-rf0.1-seed256
  5. LMPO2-L3-d8-jit5-rf0.1-seed999
  ... (175 more)

Loading dataset: winequalityc...
  Dataset: winequalityc
  Train: 4547 samples
  Val: 975 samples
  Test: 975 samples
  Features: 11 (+1 bias = 11)
  Task: classification
  Device: cuda


[16/180] Running: LMPO2-L3-d12-jit5-rf0.1-seed42
  AIM run started: 9394fe6f1fc349ffacb0ed8f
  AIM run finalized: 9394fe6f1fc349ffacb0ed8f
  Experiment log saved to: experiment_logs/ntn_winequalityc_LMPO2_L3_d12_j5_s42.json
  ✗ FAILED: Unknown error

[17/180] Running: LMPO2-L3-d12-jit5-rf0.1-seed7
  AIM run started: dcca54f2ccfc457fa1953161
  AIM run finalized: dcca54f2ccfc457fa1953161
  Experiment log saved to: experiment_logs/ntn_winequalityc_LMPO2_L3_d12_j5_s7.json
  ✗ FAILED: Unknown error

[18/180] Running: LMPO2-L3-d12-jit5-rf0.1-seed123
  AIM run started: 729351b03e2d461aac7064f5
  AIM run finalized: 729351b03e2d461aac7064f5
  Experiment log saved to: experiment_logs/ntn_winequalityc_LMPO2_L3_d12_j5_s123.json
  ✗ FAILED: Unknown error

[19/180] Running: LMPO2-L3-d12-jit5-rf0.1-seed256
  AIM run started: 0b9fd009be2f481f82c2d411
  AIM run finalized: 0b9fd009be2f481f82c2d411
  Experiment log saved to: experiment_logs/ntn_winequalityc_LMPO2_L3_d12_j5_s256.json
  ✗ FAILED: Unknown error

[20/180] Running: LMPO2-L3-d12-jit5-rf0.1-seed999
  AIM run started: 6d1cb65920c8412783822dad
  AIM run finalized: 6d1cb65920c8412783822dad
  Experiment log saved to: experiment_logs/ntn_winequalityc_LMPO2_L3_d12_j5_s999.json
  ✗ FAILED: Unknown error

[21/180] Running: LMPO2-L3-d12-jit5-rf0.3-seed42
  AIM run started: c361cf5b8b44486a9c9bffc2
  AIM run finalized: c361cf5b8b44486a9c9bffc2
  Experiment log saved to: experiment_logs/ntn_winequalityc_LMPO2_L3_d12_j5_s42.json
  ✗ FAILED: Unknown error

[22/180] Running: LMPO2-L3-d12-jit5-rf0.3-seed7
  AIM run started: 83a3ac12346247dab3ce7fcd
  AIM run finalized: 83a3ac12346247dab3ce7fcd
  Experiment log saved to: experiment_logs/ntn_winequalityc_LMPO2_L3_d12_j5_s7.json
  ✗ FAILED: Unknown error

[23/180] Running: LMPO2-L3-d12-jit5-rf0.3-seed123
  AIM run started: 39baee992e134cedb4f7ec1a
  AIM run finalized: 39baee992e134cedb4f7ec1a
  Experiment log saved to: experiment_logs/ntn_winequalityc_LMPO2_L3_d12_j5_s123.json
  ✗ FAILED: Unknown error

[24/180] Running: LMPO2-L3-d12-jit5-rf0.3-seed256
  AIM run started: a5687d2c6d0044049595c8f2
  AIM run finalized: a5687d2c6d0044049595c8f2
  Experiment log saved to: experiment_logs/ntn_winequalityc_LMPO2_L3_d12_j5_s256.json
  ✗ FAILED: Unknown error

[25/180] Running: LMPO2-L3-d12-jit5-rf0.3-seed999
  AIM run started: ee6762a0075147039ed07679
  AIM run finalized: ee6762a0075147039ed07679
  Experiment log saved to: experiment_logs/ntn_winequalityc_LMPO2_L3_d12_j5_s999.json
  ✗ FAILED: Unknown error

[26/180] Running: LMPO2-L3-d12-jit5-rf0.5-seed42
  AIM run started: de94b62d807044f4b74193d9
  AIM run finalized: de94b62d807044f4b74193d9
  Experiment log saved to: experiment_logs/ntn_winequalityc_LMPO2_L3_d12_j5_s42.json
  ✗ FAILED: Unknown error

[27/180] Running: LMPO2-L3-d12-jit5-rf0.5-seed7
  AIM run started: 360fe79d2b0947c788c86d2b
  AIM run finalized: 360fe79d2b0947c788c86d2b
  Experiment log saved to: experiment_logs/ntn_winequalityc_LMPO2_L3_d12_j5_s7.json
  ✗ FAILED: Unknown error

[28/180] Running: LMPO2-L3-d12-jit5-rf0.5-seed123
  AIM run started: 1a319e5edd7044fda4783ecd
  AIM run finalized: 1a319e5edd7044fda4783ecd
  Experiment log saved to: experiment_logs/ntn_winequalityc_LMPO2_L3_d12_j5_s123.json
  ✗ FAILED: Unknown error

[29/180] Running: LMPO2-L3-d12-jit5-rf0.5-seed256
  AIM run started: c1db8530a8eb4f62a33334af

------------------------------------------------------------
Sender: LSF System <lsfadmin@hpc.dtu.dk>
Subject: Job 27742055: <ntn-winequalityc> in cluster <dcc> Exited

Job <ntn-winequalityc> was submitted from host <hpclogin1> by user <nicci> in cluster <dcc> at Fri Feb  6 09:30:15 2026
Job was executed on host(s) <4*n-62-20-14>, in queue <gpuv100>, as user <nicci> in cluster <dcc> at Fri Feb  6 10:50:40 2026
</zhome/6b/e/212868> was used as the home directory.
</zhome/6b/e/212868/GTN> was used as the working directory.
Started at Fri Feb  6 10:50:40 2026
Terminated at Fri Feb  6 10:51:58 2026
Results reported at Fri Feb  6 10:51:58 2026

Your job looked like:

------------------------------------------------------------
# LSBATCH: User input
#!/bin/sh
#BSUB -q gpuv100
#BSUB -J ntn-winequalityc
#BSUB -W 12:00
#BSUB -n 4
#BSUB -gpu "num=1:mode=exclusive_process"
#BSUB -R "rusage[mem=500MB]"
#BSUB -R "span[hosts=1]"
#BSUB -o logs/ntn-winequalityc_%J.out
#BSUB -e logs/ntn-winequalityc_%J.err
#BSUB -u nicci@dtu.dk

export HOME=/zhome/6b/e/212868

cd $HOME/GTN
source .venv/bin/activate

set -a
source $HOME/aim
set +a

python experiments/run_grid_search.py --config experiments/configs/uci_ntn_winequalityc_lmpo2.json 

------------------------------------------------------------

Exited with exit code 137.

Resource usage summary:

    CPU time :                                   23.82 sec.
    Max Memory :                                 828 MB
    Average Memory :                             797.67 MB
    Total Requested Memory :                     2000.00 MB
    Delta Memory :                               1172.00 MB
    Max Swap :                                   -
    Max Processes :                              4
    Max Threads :                                14
    Run time :                                   78 sec.
    Turnaround time :                            4903 sec.

The output (if any) is above this job summary.



PS:

Read file <logs/ntn-winequalityc_27742055.err> for stderr output of this job.

