======================================================================
EXPERIMENT PLAN SUMMARY
======================================================================
Total experiments: 240
Grid combinations: 48
Seeds per combination: 5

Parameter Grid:
  model: ['MPO2', 'MPO2TypeI', 'MMPO2', 'MMPO2TypeI'] (n=4)
  L: [3, 4] (n=2)
  bond_dim: [8, 12, 16] (n=3)
  jitter_start: [5.0, 0.1] (n=2)

Fixed Parameters:
  batch_size: 1024
  n_epochs: 15
  jitter_decay: 0.25
  adaptive_jitter: False
  patience: 4
  min_delta: 1e-06
  train_selection: True
  init_strength: 0.01

Example runs (first 5):
  1. MPO2-L3-d8-jit5-seed42
  2. MPO2-L3-d8-jit5-seed7
  3. MPO2-L3-d8-jit5-seed123
  4. MPO2-L3-d8-jit5-seed256
  5. MPO2-L3-d8-jit5-seed999
  ... (235 more)

Loading dataset: concrete...
  Dataset: concrete
  Train: 721 samples
  Val: 154 samples
  Test: 155 samples
  Features: 8 (+1 bias = 8)
  Task: regression
  Device: cuda


[1/240] Running: MPO2-L3-d8-jit5-seed42
  AIM run started: dae5e3ee9aee4affa3b26b07
  AIM run finalized: dae5e3ee9aee4affa3b26b07
  Experiment log saved to: experiment_logs/ntn_concrete_MPO2_L3_d8_j5_s42.json
  ✗ FAILED: Unknown error

[2/240] Running: MPO2-L3-d8-jit5-seed7
  AIM run started: 6cb1567d4c8247c1815218b3
  AIM run finalized: 6cb1567d4c8247c1815218b3
  Experiment log saved to: experiment_logs/ntn_concrete_MPO2_L3_d8_j5_s7.json
  ✗ FAILED: Unknown error

[3/240] Running: MPO2-L3-d8-jit5-seed123
  AIM run started: fa5ceb1f39054a4e822160fe
  AIM run finalized: fa5ceb1f39054a4e822160fe
  Experiment log saved to: experiment_logs/ntn_concrete_MPO2_L3_d8_j5_s123.json
  ✗ FAILED: Unknown error

[4/240] Running: MPO2-L3-d8-jit5-seed256
  AIM run started: 2d5ab36df66c46039342b32a
  AIM run finalized: 2d5ab36df66c46039342b32a
  Experiment log saved to: experiment_logs/ntn_concrete_MPO2_L3_d8_j5_s256.json
  ✗ FAILED: Unknown error

[5/240] Running: MPO2-L3-d8-jit5-seed999
  AIM run started: ebbf8e9c77f248adbe311fe1
  AIM run finalized: ebbf8e9c77f248adbe311fe1
  Experiment log saved to: experiment_logs/ntn_concrete_MPO2_L3_d8_j5_s999.json
  ✗ FAILED: Unknown error

[6/240] Running: MPO2-L3-d8-jit0.1-seed42
  AIM run started: 04a7d57657fb45ef937c4f19
  AIM run finalized: 04a7d57657fb45ef937c4f19
  Experiment log saved to: experiment_logs/ntn_concrete_MPO2_L3_d8_j0.1_s42.json
  ✗ FAILED: Unknown error

[7/240] Running: MPO2-L3-d8-jit0.1-seed7
  AIM run started: 5b5d13cf175e439d83fa5017
  AIM run finalized: 5b5d13cf175e439d83fa5017
  Experiment log saved to: experiment_logs/ntn_concrete_MPO2_L3_d8_j0.1_s7.json
  ✗ FAILED: Unknown error

[8/240] Running: MPO2-L3-d8-jit0.1-seed123
  AIM run started: f13fa8f867834389ba489218
  AIM run finalized: f13fa8f867834389ba489218
  Experiment log saved to: experiment_logs/ntn_concrete_MPO2_L3_d8_j0.1_s123.json
  ✗ FAILED: Unknown error

[9/240] Running: MPO2-L3-d8-jit0.1-seed256
  AIM run started: 0f8911cfdcf54aed9370345b
  AIM run finalized: 0f8911cfdcf54aed9370345b
  Experiment log saved to: experiment_logs/ntn_concrete_MPO2_L3_d8_j0.1_s256.json
  ✗ FAILED: Unknown error

[10/240] Running: MPO2-L3-d8-jit0.1-seed999
  AIM run started: 3edac275b75745a39b4e2cf9
  AIM run finalized: 3edac275b75745a39b4e2cf9
  Experiment log saved to: experiment_logs/ntn_concrete_MPO2_L3_d8_j0.1_s999.json
  ✗ FAILED: Unknown error

[11/240] Running: MPO2-L3-d12-jit5-seed42
  AIM run started: 9fc789f407564240acc59d97
  AIM run finalized: 9fc789f407564240acc59d97
  Experiment log saved to: experiment_logs/ntn_concrete_MPO2_L3_d12_j5_s42.json
  ✗ FAILED: Unknown error

[12/240] Running: MPO2-L3-d12-jit5-seed7
  AIM run started: 47ea704443bd4c1fa92004c0
  AIM run finalized: 47ea704443bd4c1fa92004c0
  Experiment log saved to: experiment_logs/ntn_concrete_MPO2_L3_d12_j5_s7.json
  ✗ FAILED: Unknown error

[13/240] Running: MPO2-L3-d12-jit5-seed123
  AIM run started: e84ae5a8490b4a69a2058a37
  AIM run finalized: e84ae5a8490b4a69a2058a37
  Experiment log saved to: experiment_logs/ntn_concrete_MPO2_L3_d12_j5_s123.json
  ✗ FAILED: Unknown error

[14/240] Running: MPO2-L3-d12-jit5-seed256
  AIM run started: c2ec2ace525e41a6b7fa5770
  AIM run finalized: c2ec2ace525e41a6b7fa5770
  Experiment log saved to: experiment_logs/ntn_concrete_MPO2_L3_d12_j5_s256.json
  ✗ FAILED: Unknown error

[15/240] Running: MPO2-L3-d12-jit5-seed999
  AIM run started: 23d9b40459194f5ca66bfece
  AIM run finalized: 23d9b40459194f5ca66bfece
  Experiment log saved to: experiment_logs/ntn_concrete_MPO2_L3_d12_j5_s999.json
  ✗ FAILED: Unknown error

[16/240] Running: MPO2-L3-d12-jit0.1-seed42
  AIM run started: f37d834a6dea4503905da474
  AIM run finalized: f37d834a6dea4503905da474
  Experiment log saved to: experiment_logs/ntn_concrete_MPO2_L3_d12_j0.1_s42.json
  ✗ FAILED: Unknown error

[17/240] Running: MPO2-L3-d12-jit0.1-seed7
  AIM run started: 68fc67d2d56c44dd918de531
  AIM run finalized: 68fc67d2d56c44dd918de531
  Experiment log saved to: experiment_logs/ntn_concrete_MPO2_L3_d12_j0.1_s7.json
  ✗ FAILED: Unknown error

[18/240] Running: MPO2-L3-d12-jit0.1-seed123
  AIM run started: a5eb3fabb4064810b8f9fec3
  AIM run finalized: a5eb3fabb4064810b8f9fec3
  Experiment log saved to: experiment_logs/ntn_concrete_MPO2_L3_d12_j0.1_s123.json
  ✗ FAILED: Unknown error

[19/240] Running: MPO2-L3-d12-jit0.1-seed256
  AIM run started: 0864c7aa816a4d0285427bf0
  AIM run finalized: 0864c7aa816a4d0285427bf0
  Experiment log saved to: experiment_logs/ntn_concrete_MPO2_L3_d12_j0.1_s256.json
  ✗ FAILED: Unknown error

[20/240] Running: MPO2-L3-d12-jit0.1-seed999
  AIM run started: bd3982c906ad449ea54d61d7
  AIM run finalized: bd3982c906ad449ea54d61d7
  Experiment log saved to: experiment_logs/ntn_concrete_MPO2_L3_d12_j0.1_s999.json
  ✗ FAILED: Unknown error

[21/240] Running: MPO2-L3-d16-jit5-seed42
  AIM run started: 33019287505f49f8b233e3dc
  AIM run finalized: 33019287505f49f8b233e3dc
  Experiment log saved to: experiment_logs/ntn_concrete_MPO2_L3_d16_j5_s42.json
  ✗ FAILED: Unknown error

[22/240] Running: MPO2-L3-d16-jit5-seed7
  AIM run started: ff70e510b2c24bf991a6b8b5
  AIM run finalized: ff70e510b2c24bf991a6b8b5
  Experiment log saved to: experiment_logs/ntn_concrete_MPO2_L3_d16_j5_s7.json
  ✗ FAILED: Unknown error

[23/240] Running: MPO2-L3-d16-jit5-seed123
  AIM run started: 2fdf179cfc4f40a082c7283d
  AIM run finalized: 2fdf179cfc4f40a082c7283d
  Experiment log saved to: experiment_logs/ntn_concrete_MPO2_L3_d16_j5_s123.json
  ✗ FAILED: Unknown error

[24/240] Running: MPO2-L3-d16-jit5-seed256
  AIM run started: c637e49a9cd744ef8debd9c8
  AIM run finalized: c637e49a9cd744ef8debd9c8
  Experiment log saved to: experiment_logs/ntn_concrete_MPO2_L3_d16_j5_s256.json
  ✗ FAILED: Unknown error

[25/240] Running: MPO2-L3-d16-jit5-seed999
  AIM run started: 3ff2f11d4c1f4a10a043eec0
  AIM run finalized: 3ff2f11d4c1f4a10a043eec0
  Experiment log saved to: experiment_logs/ntn_concrete_MPO2_L3_d16_j5_s999.json
  ✗ FAILED: Unknown error

[26/240] Running: MPO2-L3-d16-jit0.1-seed42
  AIM run started: fdf5c3433c774ce6941fbcf2
  AIM run finalized: fdf5c3433c774ce6941fbcf2
  Experiment log saved to: experiment_logs/ntn_concrete_MPO2_L3_d16_j0.1_s42.json
  ✗ FAILED: Unknown error

[27/240] Running: MPO2-L3-d16-jit0.1-seed7
  AIM run started: feec182e45284504a78acc89
  AIM run finalized: feec182e45284504a78acc89
  Experiment log saved to: experiment_logs/ntn_concrete_MPO2_L3_d16_j0.1_s7.json
  ✗ FAILED: Unknown error

[28/240] Running: MPO2-L3-d16-jit0.1-seed123
  AIM run started: 56c30e2fbc6c4db8a2cc8e03
  AIM run finalized: 56c30e2fbc6c4db8a2cc8e03
  Experiment log saved to: experiment_logs/ntn_concrete_MPO2_L3_d16_j0.1_s123.json
  ✗ FAILED: Unknown error

[29/240] Running: MPO2-L3-d16-jit0.1-seed256
  AIM run started: 501670b4e7704e88b37fe108
  AIM run finalized: 501670b4e7704e88b37fe108
  Experiment log saved to: experiment_logs/ntn_concrete_MPO2_L3_d16_j0.1_s256.json
  ✗ FAILED: Unknown error

[30/240] Running: MPO2-L3-d16-jit0.1-seed999
  AIM run started: 6a0268d0c5b74d2bb95e0a94
  AIM run finalized: 6a0268d0c5b74d2bb95e0a94
  Experiment log saved to: experiment_logs/ntn_concrete_MPO2_L3_d16_j0.1_s999.json
  ✗ FAILED: Unknown error

[31/240] Running: MPO2-L4-d8-jit5-seed42
  AIM run started: 33cbc878506d4710ad192602
  AIM run finalized: 33cbc878506d4710ad192602
  Experiment log saved to: experiment_logs/ntn_concrete_MPO2_L4_d8_j5_s42.json
  ✗ FAILED: Unknown error

[32/240] Running: MPO2-L4-d8-jit5-seed7
  AIM run started: ccc78a97702e4e44ad631036
  AIM run finalized: ccc78a97702e4e44ad631036
  Experiment log saved to: experiment_logs/ntn_concrete_MPO2_L4_d8_j5_s7.json
  ✗ FAILED: Unknown error

[33/240] Running: MPO2-L4-d8-jit5-seed123
  AIM run started: 89d1020b880c4ecfab456a0f
  AIM run finalized: 89d1020b880c4ecfab456a0f
  Experiment log saved to: experiment_logs/ntn_concrete_MPO2_L4_d8_j5_s123.json
  ✗ FAILED: Unknown error

[34/240] Running: MPO2-L4-d8-jit5-seed256
  AIM run started: 5b6eb2069f06444d949ee17c
  AIM run finalized: 5b6eb2069f06444d949ee17c
  Experiment log saved to: experiment_logs/ntn_concrete_MPO2_L4_d8_j5_s256.json
  ✗ FAILED: Unknown error

[35/240] Running: MPO2-L4-d8-jit5-seed999
  AIM run started: 5ec62970118b4f128369f89b
  AIM run finalized: 5ec62970118b4f128369f89b
  Experiment log saved to: experiment_logs/ntn_concrete_MPO2_L4_d8_j5_s999.json
  ✗ FAILED: Unknown error

[36/240] Running: MPO2-L4-d8-jit0.1-seed42
  AIM run started: 6f1da50306084734bc9ba96e
  AIM run finalized: 6f1da50306084734bc9ba96e
  Experiment log saved to: experiment_logs/ntn_concrete_MPO2_L4_d8_j0.1_s42.json
  ✗ FAILED: Unknown error

[37/240] Running: MPO2-L4-d8-jit0.1-seed7
  AIM run started: eb879bcb47a94add87e867b6
  AIM run finalized: eb879bcb47a94add87e867b6
  Experiment log saved to: experiment_logs/ntn_concrete_MPO2_L4_d8_j0.1_s7.json
  ✗ FAILED: Unknown error

[38/240] Running: MPO2-L4-d8-jit0.1-seed123
  AIM run started: 1e21d4761952484896df85ea
  AIM run finalized: 1e21d4761952484896df85ea
  Experiment log saved to: experiment_logs/ntn_concrete_MPO2_L4_d8_j0.1_s123.json
  ✗ FAILED: Unknown error

[39/240] Running: MPO2-L4-d8-jit0.1-seed256
  AIM run started: 94940ae5a72b453683c4c89f
  AIM run finalized: 94940ae5a72b453683c4c89f
  Experiment log saved to: experiment_logs/ntn_concrete_MPO2_L4_d8_j0.1_s256.json
  ✗ FAILED: Unknown error

[40/240] Running: MPO2-L4-d8-jit0.1-seed999
  AIM run started: e8389c8417ac4fbfa9269c5a
  AIM run finalized: e8389c8417ac4fbfa9269c5a
  Experiment log saved to: experiment_logs/ntn_concrete_MPO2_L4_d8_j0.1_s999.json
  ✗ FAILED: Unknown error

[41/240] Running: MPO2-L4-d12-jit5-seed42
  AIM run started: 686900d86bf84eee8d78c25b

------------------------------------------------------------
Sender: LSF System <lsfadmin@hpc.dtu.dk>
Subject: Job 27708155: <ntn-concrete> in cluster <dcc> Exited

Job <ntn-concrete> was submitted from host <hpclogin1> by user <nicci> in cluster <dcc> at Thu Jan 29 15:09:55 2026
Job was executed on host(s) <4*n-62-20-10>, in queue <gpuv100>, as user <nicci> in cluster <dcc> at Thu Jan 29 21:20:50 2026
</zhome/6b/e/212868> was used as the home directory.
</zhome/6b/e/212868/GTN> was used as the working directory.
Started at Thu Jan 29 21:20:50 2026
Terminated at Thu Jan 29 21:26:43 2026
Results reported at Thu Jan 29 21:26:43 2026

Your job looked like:

------------------------------------------------------------
# LSBATCH: User input
#!/bin/sh
#BSUB -q gpuv100
#BSUB -J ntn-concrete
#BSUB -W 12:00
#BSUB -n 4
#BSUB -gpu "num=1:mode=exclusive_process"
#BSUB -R "rusage[mem=300MB]"
#BSUB -R "span[hosts=1]"
#BSUB -o logs/ntn-concrete_%J.out
#BSUB -e logs/ntn-concrete_%J.err
#BSUB -u nicci@dtu.dk

export HOME=/zhome/6b/e/212868

cd $HOME/GTN
source .venv/bin/activate

set -a
source $HOME/aim
set +a

python experiments/run_grid_search.py --config experiments/configs/uci_ntn_concrete.json 

------------------------------------------------------------

Exited with exit code 137.

Resource usage summary:

    CPU time :                                   47.00 sec.
    Max Memory :                                 832 MB
    Average Memory :                             757.20 MB
    Total Requested Memory :                     1200.00 MB
    Delta Memory :                               368.00 MB
    Max Swap :                                   -
    Max Processes :                              4
    Max Threads :                                15
    Run time :                                   361 sec.
    Turnaround time :                            22608 sec.

The output (if any) is above this job summary.



PS:

Read file <logs/ntn-concrete_27708155.err> for stderr output of this job.

