======================================================================
EXPERIMENT PLAN SUMMARY
======================================================================
Total experiments: 360
Grid combinations: 72
Seeds per combination: 5

Parameter Grid:
  model: ['LMPO2', 'LMPO2TypeI'] (n=2)
  L: [3, 4] (n=2)
  bond_dim: [8, 12, 16] (n=3)
  jitter_start: [5.0, 0.1] (n=2)
  reduction_factor: [0.1, 0.3, 0.5] (n=3)

Fixed Parameters:
  batch_size: 1024
  n_epochs: 15
  jitter_decay: 0.25
  adaptive_jitter: False
  patience: 4
  min_delta: 1e-06
  train_selection: True
  init_strength: 0.01
  bond_dim_mpo: 2

Example runs (first 5):
  1. LMPO2-L3-d8-jit5-rf0.1-seed42
  2. LMPO2-L3-d8-jit5-rf0.1-seed7
  3. LMPO2-L3-d8-jit5-rf0.1-seed123
  4. LMPO2-L3-d8-jit5-rf0.1-seed256
  5. LMPO2-L3-d8-jit5-rf0.1-seed999
  ... (355 more)

Loading dataset: student_perf...
  Dataset: student_perf
  Train: 454 samples
  Val: 97 samples
  Test: 98 samples
  Features: 50 (+1 bias = 50)
  Task: regression
  Device: cuda

[16/360] LMPO2-L3-d8-jit0.1-rf0.1-seed42 - RETRYING (None)

[16/360] Running: LMPO2-L3-d8-jit0.1-rf0.1-seed42
  AIM run started: efca5139da31473b90de2a4d
  AIM run finalized: efca5139da31473b90de2a4d
  Experiment log saved to: experiment_logs/ntn_student_perf_LMPO2_L3_d8_j0.1_s42.json
  ✗ FAILED: Unknown error
[17/360] LMPO2-L3-d8-jit0.1-rf0.1-seed7 - RETRYING (None)

[17/360] Running: LMPO2-L3-d8-jit0.1-rf0.1-seed7
  AIM run started: 040996e750534039a103d3ff
  AIM run finalized: 040996e750534039a103d3ff
  Experiment log saved to: experiment_logs/ntn_student_perf_LMPO2_L3_d8_j0.1_s7.json
  ✗ FAILED: Unknown error
[18/360] LMPO2-L3-d8-jit0.1-rf0.1-seed123 - RETRYING (None)

[18/360] Running: LMPO2-L3-d8-jit0.1-rf0.1-seed123
  AIM run started: 51157bf251724a6c907d802e
  AIM run finalized: 51157bf251724a6c907d802e
  Experiment log saved to: experiment_logs/ntn_student_perf_LMPO2_L3_d8_j0.1_s123.json
  ✗ FAILED: Unknown error

[19/360] Running: LMPO2-L3-d8-jit0.1-rf0.1-seed256
  AIM run started: 7146a495ed254c4b81444431
  AIM run finalized: 7146a495ed254c4b81444431
  Experiment log saved to: experiment_logs/ntn_student_perf_LMPO2_L3_d8_j0.1_s256.json
  ✗ FAILED: Unknown error

[20/360] Running: LMPO2-L3-d8-jit0.1-rf0.1-seed999
  AIM run started: f8e16517851d4d738428e512
  AIM run finalized: f8e16517851d4d738428e512
  Experiment log saved to: experiment_logs/ntn_student_perf_LMPO2_L3_d8_j0.1_s999.json
  ✗ FAILED: Unknown error

[21/360] Running: LMPO2-L3-d8-jit0.1-rf0.3-seed42
  AIM run started: a129378822784352949f7eed
  AIM run finalized: a129378822784352949f7eed
  Experiment log saved to: experiment_logs/ntn_student_perf_LMPO2_L3_d8_j0.1_s42.json
  ✗ FAILED: Unknown error

[22/360] Running: LMPO2-L3-d8-jit0.1-rf0.3-seed7
  AIM run started: d2c6973f2bc947a08afd1bb5
  AIM run finalized: d2c6973f2bc947a08afd1bb5
  Experiment log saved to: experiment_logs/ntn_student_perf_LMPO2_L3_d8_j0.1_s7.json
  ✗ FAILED: Unknown error

[23/360] Running: LMPO2-L3-d8-jit0.1-rf0.3-seed123
  AIM run started: 7866a74e2a80409c941e4780
  AIM run finalized: 7866a74e2a80409c941e4780
  Experiment log saved to: experiment_logs/ntn_student_perf_LMPO2_L3_d8_j0.1_s123.json
  ✗ FAILED: Unknown error

[24/360] Running: LMPO2-L3-d8-jit0.1-rf0.3-seed256
  AIM run started: c77260f3d18643baa9d2c7da
  AIM run finalized: c77260f3d18643baa9d2c7da
  Experiment log saved to: experiment_logs/ntn_student_perf_LMPO2_L3_d8_j0.1_s256.json
  ✗ FAILED: Unknown error

[25/360] Running: LMPO2-L3-d8-jit0.1-rf0.3-seed999
  AIM run started: 5b36516c407543389939704c
  AIM run finalized: 5b36516c407543389939704c
  Experiment log saved to: experiment_logs/ntn_student_perf_LMPO2_L3_d8_j0.1_s999.json
  ✗ FAILED: Unknown error

[26/360] Running: LMPO2-L3-d8-jit0.1-rf0.5-seed42
  AIM run started: 26a20f81d9d04bdabc43c97f
  AIM run finalized: 26a20f81d9d04bdabc43c97f
  Experiment log saved to: experiment_logs/ntn_student_perf_LMPO2_L3_d8_j0.1_s42.json
  ✗ FAILED: Unknown error

[27/360] Running: LMPO2-L3-d8-jit0.1-rf0.5-seed7
  AIM run started: a627c04f212f4e81852ad1e5
  AIM run finalized: a627c04f212f4e81852ad1e5
  Experiment log saved to: experiment_logs/ntn_student_perf_LMPO2_L3_d8_j0.1_s7.json
  ✗ FAILED: Unknown error

[28/360] Running: LMPO2-L3-d8-jit0.1-rf0.5-seed123
  AIM run started: 537d50133d73400c905e9fe8

------------------------------------------------------------
Sender: LSF System <lsfadmin@hpc.dtu.dk>
Subject: Job 27708176: <ntn-student-perf> in cluster <dcc> Exited

Job <ntn-student-perf> was submitted from host <hpclogin1> by user <nicci> in cluster <dcc> at Thu Jan 29 15:10:02 2026
Job was executed on host(s) <4*n-62-20-10>, in queue <gpuv100>, as user <nicci> in cluster <dcc> at Thu Jan 29 21:54:13 2026
</zhome/6b/e/212868> was used as the home directory.
</zhome/6b/e/212868/GTN> was used as the working directory.
Started at Thu Jan 29 21:54:13 2026
Terminated at Thu Jan 29 21:55:57 2026
Results reported at Thu Jan 29 21:55:57 2026

Your job looked like:

------------------------------------------------------------
# LSBATCH: User input
#!/bin/sh
#BSUB -q gpuv100
#BSUB -J ntn-student-perf
#BSUB -W 12:00
#BSUB -n 4
#BSUB -gpu "num=1:mode=exclusive_process"
#BSUB -R "rusage[mem=300MB]"
#BSUB -R "span[hosts=1]"
#BSUB -o logs/ntn-student-perf_%J.out
#BSUB -e logs/ntn-student-perf_%J.err
#BSUB -u nicci@dtu.dk

export HOME=/zhome/6b/e/212868

cd $HOME/GTN
source .venv/bin/activate

set -a
source $HOME/aim
set +a

python experiments/run_grid_search.py --config experiments/configs/uci_ntn_student_perf_lmpo2.json 

------------------------------------------------------------

Exited with exit code 137.

Resource usage summary:

    CPU time :                                   21.00 sec.
    Max Memory :                                 445 MB
    Average Memory :                             445.00 MB
    Total Requested Memory :                     1200.00 MB
    Delta Memory :                               755.00 MB
    Max Swap :                                   -
    Max Processes :                              4
    Max Threads :                                13
    Run time :                                   211 sec.
    Turnaround time :                            24355 sec.

The output (if any) is above this job summary.



PS:

Read file <logs/ntn-student-perf_27708176.err> for stderr output of this job.

