======================================================================
EXPERIMENT PLAN SUMMARY
======================================================================
Total experiments: 60
Grid combinations: 12
Seeds per combination: 5

Parameter Grid:
  model: ['MPO2', 'MPO2TypeI', 'MMPO2', 'MMPO2TypeI'] (n=4)
  L: [3] (n=1)
  bond_dim: [8, 12, 16] (n=3)
  jitter_start: [5.0] (n=1)

Fixed Parameters:
  batch_size: 512
  n_epochs: 100
  jitter_decay: 0.25
  adaptive_jitter: False
  patience: 10
  min_delta: 1e-05
  train_selection: True
  init_strength: 0.01

Example runs (first 5):
  1. MPO2-L3-d8-jit5-seed42
  2. MPO2-L3-d8-jit5-seed7
  3. MPO2-L3-d8-jit5-seed123
  4. MPO2-L3-d8-jit5-seed256
  5. MPO2-L3-d8-jit5-seed999
  ... (55 more)

Loading dataset: wine...
  Dataset: wine
  Train: 124 samples
  Val: 27 samples
  Test: 27 samples
  Features: 13 (+1 bias = 13)
  Task: classification
  Device: cuda


[27/60] Running: MPO2TypeI-L3-d16-jit5-seed7
  AIM run started: 0bf2743b776748c795a2d76b
  AIM run finalized: 0bf2743b776748c795a2d76b
  Experiment log saved to: experiment_logs/ntn_wine_MPO2TypeI_L3_d16_j5_s7.json
  ✗ FAILED: Unknown error

[28/60] Running: MPO2TypeI-L3-d16-jit5-seed123
  AIM run started: 11ba4ec3d1a04ed6a0702ffc
  AIM run finalized: 11ba4ec3d1a04ed6a0702ffc
  Experiment log saved to: experiment_logs/ntn_wine_MPO2TypeI_L3_d16_j5_s123.json
  ✗ FAILED: Unknown error

[29/60] Running: MPO2TypeI-L3-d16-jit5-seed256
  AIM run started: ac59d67802994754839f8888
  AIM run finalized: ac59d67802994754839f8888
  Experiment log saved to: experiment_logs/ntn_wine_MPO2TypeI_L3_d16_j5_s256.json
  ✗ FAILED: Unknown error

[30/60] Running: MPO2TypeI-L3-d16-jit5-seed999
  AIM run started: 24aeab020a0140cabd129485
  AIM run finalized: 24aeab020a0140cabd129485
  Experiment log saved to: experiment_logs/ntn_wine_MPO2TypeI_L3_d16_j5_s999.json
  ✓ Train: Acc=1.0000 | Val: Acc=1.0000

[31/60] Running: MMPO2-L3-d8-jit5-seed42
  AIM run started: dba6dd6f532645a2879dec5e
  AIM run finalized: dba6dd6f532645a2879dec5e
  Experiment log saved to: experiment_logs/ntn_wine_MMPO2_L3_d8_j5_s42.json
  ✓ Train: Acc=1.0000 | Val: Acc=1.0000

[32/60] Running: MMPO2-L3-d8-jit5-seed7
  AIM run started: 2d63dd626cad4b779ff26b6b
  AIM run finalized: 2d63dd626cad4b779ff26b6b
  Experiment log saved to: experiment_logs/ntn_wine_MMPO2_L3_d8_j5_s7.json
  ✓ Train: Acc=1.0000 | Val: Acc=1.0000

[33/60] Running: MMPO2-L3-d8-jit5-seed123
  AIM run started: ee33e712594a4ed595889ae3
  AIM run finalized: ee33e712594a4ed595889ae3
  Experiment log saved to: experiment_logs/ntn_wine_MMPO2_L3_d8_j5_s123.json
  ✗ FAILED: Unknown error

[34/60] Running: MMPO2-L3-d8-jit5-seed256
  AIM run started: c394ce728a9a47b2a81fe25a
  AIM run finalized: c394ce728a9a47b2a81fe25a
  Experiment log saved to: experiment_logs/ntn_wine_MMPO2_L3_d8_j5_s256.json
  ✓ Train: Acc=1.0000 | Val: Acc=1.0000

[35/60] Running: MMPO2-L3-d8-jit5-seed999
  AIM run started: ca81bbcf31624a25abe785c2
  AIM run finalized: ca81bbcf31624a25abe785c2
  Experiment log saved to: experiment_logs/ntn_wine_MMPO2_L3_d8_j5_s999.json
  ✓ Train: Acc=1.0000 | Val: Acc=1.0000

[36/60] Running: MMPO2-L3-d12-jit5-seed42
  AIM run started: 6abece58fe96458db81f3162
  AIM run finalized: 6abece58fe96458db81f3162
  Experiment log saved to: experiment_logs/ntn_wine_MMPO2_L3_d12_j5_s42.json
  ✓ Train: Acc=1.0000 | Val: Acc=1.0000

[37/60] Running: MMPO2-L3-d12-jit5-seed7
  AIM run started: 6265994933e4476c82cd6322
  AIM run finalized: 6265994933e4476c82cd6322
  Experiment log saved to: experiment_logs/ntn_wine_MMPO2_L3_d12_j5_s7.json
  ✓ Train: Acc=1.0000 | Val: Acc=1.0000

[38/60] Running: MMPO2-L3-d12-jit5-seed123
  AIM run started: c98aac49c6cf400ba900cf81
  AIM run finalized: c98aac49c6cf400ba900cf81
  Experiment log saved to: experiment_logs/ntn_wine_MMPO2_L3_d12_j5_s123.json
  ✓ Train: Acc=1.0000 | Val: Acc=0.9630

[39/60] Running: MMPO2-L3-d12-jit5-seed256
  AIM run started: 7fcf1063429748e681aa7c01
  AIM run finalized: 7fcf1063429748e681aa7c01
  Experiment log saved to: experiment_logs/ntn_wine_MMPO2_L3_d12_j5_s256.json
  ✗ FAILED: Unknown error

[40/60] Running: MMPO2-L3-d12-jit5-seed999
  AIM run started: be659272e3714bd286299191
  AIM run finalized: be659272e3714bd286299191
  Experiment log saved to: experiment_logs/ntn_wine_MMPO2_L3_d12_j5_s999.json
  ✓ Train: Acc=1.0000 | Val: Acc=1.0000

[41/60] Running: MMPO2-L3-d16-jit5-seed42
  AIM run started: 77cd431a452a4dcfb328aa2f
  AIM run finalized: 77cd431a452a4dcfb328aa2f
  Experiment log saved to: experiment_logs/ntn_wine_MMPO2_L3_d16_j5_s42.json
  ✓ Train: Acc=1.0000 | Val: Acc=1.0000

[42/60] Running: MMPO2-L3-d16-jit5-seed7
  AIM run started: b1079d5481c74f19bd6b3cea
  AIM run finalized: b1079d5481c74f19bd6b3cea
  Experiment log saved to: experiment_logs/ntn_wine_MMPO2_L3_d16_j5_s7.json
  ✓ Train: Acc=1.0000 | Val: Acc=1.0000

[43/60] Running: MMPO2-L3-d16-jit5-seed123
  AIM run started: e687e62b46c6407a8a00722d

------------------------------------------------------------
Sender: LSF System <lsfadmin@hpc.dtu.dk>
Subject: Job 27742052: <ntn-wine> in cluster <dcc> Exited

Job <ntn-wine> was submitted from host <hpclogin1> by user <nicci> in cluster <dcc> at Fri Feb  6 09:30:14 2026
Job was executed on host(s) <4*n-62-20-11>, in queue <gpuv100>, as user <nicci> in cluster <dcc> at Fri Feb  6 10:46:07 2026
</zhome/6b/e/212868> was used as the home directory.
</zhome/6b/e/212868/GTN> was used as the working directory.
Started at Fri Feb  6 10:46:07 2026
Terminated at Fri Feb  6 10:48:31 2026
Results reported at Fri Feb  6 10:48:31 2026

Your job looked like:

------------------------------------------------------------
# LSBATCH: User input
#!/bin/sh
#BSUB -q gpuv100
#BSUB -J ntn-wine
#BSUB -W 6:00
#BSUB -n 4
#BSUB -gpu "num=1:mode=exclusive_process"
#BSUB -R "rusage[mem=500MB]"
#BSUB -R "span[hosts=1]"
#BSUB -o logs/ntn-wine_%J.out
#BSUB -e logs/ntn-wine_%J.err
#BSUB -u nicci@dtu.dk

export HOME=/zhome/6b/e/212868

cd $HOME/GTN
source .venv/bin/activate

set -a
source $HOME/aim
set +a

python experiments/run_grid_search.py --config experiments/configs/uci_ntn_wine.json 

------------------------------------------------------------

Exited with exit code 137.

Resource usage summary:

    CPU time :                                   25.00 sec.
    Max Memory :                                 830 MB
    Average Memory :                             810.33 MB
    Total Requested Memory :                     2000.00 MB
    Delta Memory :                               1170.00 MB
    Max Swap :                                   -
    Max Processes :                              4
    Max Threads :                                15
    Run time :                                   213 sec.
    Turnaround time :                            4697 sec.

The output (if any) is above this job summary.



PS:

Read file <logs/ntn-wine_27742052.err> for stderr output of this job.

